\BOOKMARK [0][-]{chapter.1}{Camera Hardware}{}% 1
\BOOKMARK [1][-]{section.1.1}{Camera Selection}{chapter.1}% 2
\BOOKMARK [2][-]{subsection.1.1.1}{GoPro Hero 4 Black}{section.1.1}% 3
\BOOKMARK [2][-]{subsection.1.1.2}{PtGrey}{section.1.1}% 4
\BOOKMARK [2][-]{subsection.1.1.3}{Raspberry Pi Camera Module}{section.1.1}% 5
\BOOKMARK [2][-]{subsection.1.1.4}{CHDK}{section.1.1}% 6
\BOOKMARK [1][-]{section.1.2}{Lens Selection}{chapter.1}% 7
\BOOKMARK [1][-]{section.1.3}{Possible Improvements}{chapter.1}% 8
\BOOKMARK [0][-]{chapter.2}{Electronics}{}% 9
\BOOKMARK [1][-]{section.2.1}{Other Considered Methodology}{chapter.2}% 10
\BOOKMARK [1][-]{section.2.2}{Audio Encoding Technical Approach}{chapter.2}% 11
\BOOKMARK [1][-]{section.2.3}{Component Selection}{chapter.2}% 12
\BOOKMARK [2][-]{subsection.2.3.1}{Teensy 3.2}{section.2.3}% 13
\BOOKMARK [2][-]{subsection.2.3.2}{openLog}{section.2.3}% 14
\BOOKMARK [2][-]{subsection.2.3.3}{Adafruit Ultimate GPS}{section.2.3}% 15
\BOOKMARK [2][-]{subsection.2.3.4}{Voltage Regulator}{section.2.3}% 16
\BOOKMARK [2][-]{subsection.2.3.5}{9 Degree of Freedom IMU}{section.2.3}% 17
\BOOKMARK [2][-]{subsection.2.3.6}{JST Connectors}{section.2.3}% 18
\BOOKMARK [2][-]{subsection.2.3.7}{``SuperBright" LEDs}{section.2.3}% 19
\BOOKMARK [1][-]{section.2.4}{PCB Schematics and Board Designs}{chapter.2}% 20
\BOOKMARK [2][-]{subsection.2.4.1}{Main PCB}{section.2.4}% 21
\BOOKMARK [2][-]{subsection.2.4.2}{Panel PCB}{section.2.4}% 22
\BOOKMARK [1][-]{section.2.5}{Cable Pin Labels}{chapter.2}% 23
\BOOKMARK [1][-]{section.2.6}{GoPro Mini-USB-B Cable}{chapter.2}% 24
\BOOKMARK [1][-]{section.2.7}{Power}{chapter.2}% 25
\BOOKMARK [2][-]{subsection.2.7.1}{Alternate Power}{section.2.7}% 26
\BOOKMARK [1][-]{section.2.8}{Microcontroller Algorithm}{chapter.2}% 27
\BOOKMARK [1][-]{section.2.9}{Potential Electronics Improvements}{chapter.2}% 28
\BOOKMARK [2][-]{subsection.2.9.1}{Fix Blunders in PCB Board}{section.2.9}% 29
\BOOKMARK [2][-]{subsection.2.9.2}{Integrate onboard IMU}{section.2.9}% 30
\BOOKMARK [2][-]{subsection.2.9.3}{Improve GPS Quality}{section.2.9}% 31
\BOOKMARK [2][-]{subsection.2.9.4}{Implement Charge Port and USB Hub}{section.2.9}% 32
\BOOKMARK [0][-]{chapter.3}{Mount Design and Fabrication}{}% 33
\BOOKMARK [1][-]{section.3.1}{3D CAD Design}{chapter.3}% 34
\BOOKMARK [2][-]{subsection.3.1.1}{Camera Enclosure Design}{section.3.1}% 35
\BOOKMARK [2][-]{subsection.3.1.2}{Camera Mount Design}{section.3.1}% 36
\BOOKMARK [2][-]{subsection.3.1.3}{Electronics Tray and Panel}{section.3.1}% 37
\BOOKMARK [2][-]{subsection.3.1.4}{X8 Quadcopter Legs Design}{section.3.1}% 38
\BOOKMARK [1][-]{section.3.2}{Full Design Specs}{chapter.3}% 39
\BOOKMARK [1][-]{section.3.3}{Camera Orientations}{chapter.3}% 40
\BOOKMARK [1][-]{section.3.4}{Possible Improvements}{chapter.3}% 41
\BOOKMARK [2][-]{subsection.3.4.1}{Reduce Weight}{section.3.4}% 42
\BOOKMARK [2][-]{subsection.3.4.2}{Implement Weatherproofing}{section.3.4}% 43
\BOOKMARK [2][-]{subsection.3.4.3}{Improve Panel}{section.3.4}% 44
\BOOKMARK [2][-]{subsection.3.4.4}{Improve Vibration Damping}{section.3.4}% 45
\BOOKMARK [0][-]{chapter.4}{Image Synchronization}{}% 46
\BOOKMARK [1][-]{section.4.1}{Technical Approach}{chapter.4}% 47
\BOOKMARK [2][-]{subsection.4.1.1}{GoPro to UTC time}{section.4.1}% 48
\BOOKMARK [2][-]{subsection.4.1.2}{Extract Frames}{section.4.1}% 49
\BOOKMARK [2][-]{subsection.4.1.3}{Convert Log file to CSV}{section.4.1}% 50
\BOOKMARK [2][-]{subsection.4.1.4}{Interpolate GPS data for each image}{section.4.1}% 51
\BOOKMARK [1][-]{section.4.2}{Temporal Accuracy}{chapter.4}% 52
\BOOKMARK [1][-]{section.4.3}{Possible Improvements}{chapter.4}% 53
\BOOKMARK [2][-]{subsection.4.3.1}{Embed x8 Flight log info}{section.4.3}% 54
\BOOKMARK [2][-]{subsection.4.3.2}{Incorporate onboard IMU}{section.4.3}% 55
\BOOKMARK [0][-]{chapter.5}{Acquisition and Data Storage}{}% 56
\BOOKMARK [1][-]{section.5.1}{Mission Planning Tool}{chapter.5}% 57
\BOOKMARK [1][-]{section.5.2}{Flight Checklists}{chapter.5}% 58
\BOOKMARK [2][-]{subsection.5.2.1}{Pre Flight Checklist}{section.5.2}% 59
\BOOKMARK [2][-]{subsection.5.2.2}{Flight Checklist}{section.5.2}% 60
\BOOKMARK [1][-]{section.5.3}{Post Flight Checklist}{chapter.5}% 61
\BOOKMARK [1][-]{section.5.4}{Data Management}{chapter.5}% 62
\BOOKMARK [2][-]{subsection.5.4.1}{Raw Data Structure}{section.5.4}% 63
\BOOKMARK [2][-]{subsection.5.4.2}{Processed Data Structure}{section.5.4}% 64
\BOOKMARK [0][-]{appendix.A}{Files Delivered Electronically}{}% 65
\BOOKMARK [0][-]{appendix.B}{How to Order a PCB Designed using EAGLE}{}% 66
\BOOKMARK [0][-]{appendix.C}{Algorithms}{}% 67
\BOOKMARK [1][-]{section.C.1}{function getValue}{appendix.C}% 68
\BOOKMARK [1][-]{section.C.2}{function calcGopro2GPStime}{appendix.C}% 69
\BOOKMARK [1][-]{section.C.3}{function extractFrames}{appendix.C}% 70
\BOOKMARK [1][-]{section.C.4}{function addPositionInfo}{appendix.C}% 71
