This is pdfTeX, Version 3.14159265-2.6-1.40.16 (MiKTeX 2.9) (preloaded format=pdflatex 2015.12.13)  8 MAR 2016 21:04
entering extended mode
**./FinalReport.tex
(FinalReport.tex
LaTeX2e <2015/10/01> patch level 2
Babel <3.9m> and hyphenation patterns for 69 languages loaded.
("C:\Users\Richie\AppData\Local\Programs\MiKTeX 2.9\tex\latex\base\report.cls"
Document Class: report 2014/09/29 v1.4h Standard LaTeX document class
("C:\Users\Richie\AppData\Local\Programs\MiKTeX 2.9\tex\latex\base\size10.clo"
File: size10.clo 2014/09/29 v1.4h Standard LaTeX file (size option)
)
\c@part=\count79
\c@chapter=\count80
\c@section=\count81
\c@subsection=\count82
\c@subsubsection=\count83
\c@paragraph=\count84
\c@subparagraph=\count85
\c@figure=\count86
\c@table=\count87
\abovecaptionskip=\skip41
\belowcaptionskip=\skip42
\bibindent=\dimen102
)
("C:\Users\Richie\AppData\Local\Programs\MiKTeX 2.9\tex\latex\geometry\geometry
.sty"
Package: geometry 2010/09/12 v5.6 Page Geometry

("C:\Users\Richie\AppData\Local\Programs\MiKTeX 2.9\tex\latex\graphics\keyval.s
ty"
Package: keyval 2014/10/28 v1.15 key=value parser (DPC)
\KV@toks@=\toks14
)
("C:\Users\Richie\AppData\Local\Programs\MiKTeX 2.9\tex\generic\oberdiek\ifpdf.
sty"
Package: ifpdf 2011/01/30 v2.3 Provides the ifpdf switch (HO)
Package ifpdf Info: pdfTeX in PDF mode is detected.
)
("C:\Users\Richie\AppData\Local\Programs\MiKTeX 2.9\tex\generic\oberdiek\ifvtex
.sty"
Package: ifvtex 2010/03/01 v1.5 Detect VTeX and its facilities (HO)
Package ifvtex Info: VTeX not detected.
)
("C:\Users\Richie\AppData\Local\Programs\MiKTeX 2.9\tex\generic\ifxetex\ifxetex
.sty"
Package: ifxetex 2010/09/12 v0.6 Provides ifxetex conditional
)
\Gm@cnth=\count88
\Gm@cntv=\count89
\c@Gm@tempcnt=\count90
\Gm@bindingoffset=\dimen103
\Gm@wd@mp=\dimen104
\Gm@odd@mp=\dimen105
\Gm@even@mp=\dimen106
\Gm@layoutwidth=\dimen107
\Gm@layoutheight=\dimen108
\Gm@layouthoffset=\dimen109
\Gm@layoutvoffset=\dimen110
\Gm@dimlist=\toks15

("C:\Users\Richie\AppData\Local\Programs\MiKTeX 2.9\tex\latex\geometry\geometry
.cfg"))
("C:\Users\Richie\AppData\Local\Programs\MiKTeX 2.9\tex\latex\todonotes\todonot
es.sty"
Package: todonotes 2015/07/09 .dtx Todonotes source and documentation.
Package: todonotes 2012/07/25

("C:\Users\Richie\AppData\Local\Programs\MiKTeX 2.9\tex\latex\base\ifthen.sty"
Package: ifthen 2014/09/29 v1.1c Standard LaTeX ifthen package (DPC)
)
("C:\Users\Richie\AppData\Local\Programs\MiKTeX 2.9\tex\latex\xkeyval\xkeyval.s
ty"
Package: xkeyval 2014/12/03 v2.7a package option processing (HA)

("C:\Users\Richie\AppData\Local\Programs\MiKTeX 2.9\tex\generic\xkeyval\xkeyval
.tex"
("C:\Users\Richie\AppData\Local\Programs\MiKTeX 2.9\tex\generic\xkeyval\xkvutil
s.tex"
\XKV@toks=\toks16
\XKV@tempa@toks=\toks17
)
\XKV@depth=\count91
File: xkeyval.tex 2014/12/03 v2.7a key=value parser (HA)
))
("C:\Users\Richie\AppData\Local\Programs\MiKTeX 2.9\tex\latex\xcolor\xcolor.sty
"
Package: xcolor 2007/01/21 v2.11 LaTeX color extensions (UK)

("C:\Users\Richie\AppData\Local\Programs\MiKTeX 2.9\tex\latex\00miktex\color.cf
g"
File: color.cfg 2007/01/18 v1.5 color configuration of teTeX/TeXLive
)
Package xcolor Info: Driver file: pdftex.def on input line 225.

("C:\Users\Richie\AppData\Local\Programs\MiKTeX 2.9\tex\latex\pdftex-def\pdftex
.def"
File: pdftex.def 2011/05/27 v0.06d Graphics/color for pdfTeX

("C:\Users\Richie\AppData\Local\Programs\MiKTeX 2.9\tex\generic\oberdiek\infwar
err.sty"
Package: infwarerr 2010/04/08 v1.3 Providing info/warning/error messages (HO)
)
("C:\Users\Richie\AppData\Local\Programs\MiKTeX 2.9\tex\generic\oberdiek\ltxcmd
s.sty"
Package: ltxcmds 2011/11/09 v1.22 LaTeX kernel commands for general use (HO)
)
\Gread@gobject=\count92
)
Package xcolor Info: Model `cmy' substituted by `cmy0' on input line 1337.
Package xcolor Info: Model `hsb' substituted by `rgb' on input line 1341.
Package xcolor Info: Model `RGB' extended on input line 1353.
Package xcolor Info: Model `HTML' substituted by `rgb' on input line 1355.
Package xcolor Info: Model `Hsb' substituted by `hsb' on input line 1356.
Package xcolor Info: Model `tHsb' substituted by `hsb' on input line 1357.
Package xcolor Info: Model `HSB' substituted by `hsb' on input line 1358.
Package xcolor Info: Model `Gray' substituted by `gray' on input line 1359.
Package xcolor Info: Model `wave' substituted by `hsb' on input line 1360.
)
("C:\Users\Richie\AppData\Local\Programs\MiKTeX 2.9\tex\latex\pgf\frontendlayer
\tikz.sty"
("C:\Users\Richie\AppData\Local\Programs\MiKTeX 2.9\tex\latex\pgf\basiclayer\pg
f.sty"
("C:\Users\Richie\AppData\Local\Programs\MiKTeX 2.9\tex\latex\pgf\utilities\pgf
rcs.sty"
("C:\Users\Richie\AppData\Local\Programs\MiKTeX 2.9\tex\generic\pgf\utilities\p
gfutil-common.tex"
\pgfutil@everybye=\toks18
\pgfutil@tempdima=\dimen111
\pgfutil@tempdimb=\dimen112

("C:\Users\Richie\AppData\Local\Programs\MiKTeX 2.9\tex\generic\pgf\utilities\p
gfutil-common-lists.tex"))
("C:\Users\Richie\AppData\Local\Programs\MiKTeX 2.9\tex\generic\pgf\utilities\p
gfutil-latex.def"
\pgfutil@abb=\box26

("C:\Users\Richie\AppData\Local\Programs\MiKTeX 2.9\tex\latex\ms\everyshi.sty"
Package: everyshi 2001/05/15 v3.00 EveryShipout Package (MS)
))
("C:\Users\Richie\AppData\Local\Programs\MiKTeX 2.9\tex\generic\pgf\utilities\p
gfrcs.code.tex"
Package: pgfrcs 2015/08/07 v3.0.1a (rcs-revision 1.31)
))
Package: pgf 2015/08/07 v3.0.1a (rcs-revision 1.15)

("C:\Users\Richie\AppData\Local\Programs\MiKTeX 2.9\tex\latex\pgf\basiclayer\pg
fcore.sty"
("C:\Users\Richie\AppData\Local\Programs\MiKTeX 2.9\tex\latex\graphics\graphicx
.sty"
Package: graphicx 2014/10/28 v1.0g Enhanced LaTeX Graphics (DPC,SPQR)

("C:\Users\Richie\AppData\Local\Programs\MiKTeX 2.9\tex\latex\graphics\graphics
.sty"
Package: graphics 2014/10/28 v1.0p Standard LaTeX Graphics (DPC,SPQR)

("C:\Users\Richie\AppData\Local\Programs\MiKTeX 2.9\tex\latex\graphics\trig.sty
"
Package: trig 1999/03/16 v1.09 sin cos tan (DPC)
)
("C:\Users\Richie\AppData\Local\Programs\MiKTeX 2.9\tex\latex\00miktex\graphics
.cfg"
File: graphics.cfg 2007/01/18 v1.5 graphics configuration of teTeX/TeXLive
)
Package graphics Info: Driver file: pdftex.def on input line 94.
)
\Gin@req@height=\dimen113
\Gin@req@width=\dimen114
)
("C:\Users\Richie\AppData\Local\Programs\MiKTeX 2.9\tex\latex\pgf\systemlayer\p
gfsys.sty"
("C:\Users\Richie\AppData\Local\Programs\MiKTeX 2.9\tex\generic\pgf\systemlayer
\pgfsys.code.tex"
Package: pgfsys 2014/07/09 v3.0.1a (rcs-revision 1.48)

("C:\Users\Richie\AppData\Local\Programs\MiKTeX 2.9\tex\generic\pgf\utilities\p
gfkeys.code.tex"
\pgfkeys@pathtoks=\toks19
\pgfkeys@temptoks=\toks20

("C:\Users\Richie\AppData\Local\Programs\MiKTeX 2.9\tex\generic\pgf\utilities\p
gfkeysfiltered.code.tex"
\pgfkeys@tmptoks=\toks21
))
\pgf@x=\dimen115
\pgf@y=\dimen116
\pgf@xa=\dimen117
\pgf@ya=\dimen118
\pgf@xb=\dimen119
\pgf@yb=\dimen120
\pgf@xc=\dimen121
\pgf@yc=\dimen122
\w@pgf@writea=\write3
\r@pgf@reada=\read1
\c@pgf@counta=\count93
\c@pgf@countb=\count94
\c@pgf@countc=\count95
\c@pgf@countd=\count96
\t@pgf@toka=\toks22
\t@pgf@tokb=\toks23
\t@pgf@tokc=\toks24

("C:\Users\Richie\AppData\Local\Programs\MiKTeX 2.9\tex\generic\pgf\systemlayer
\pgf.cfg"
File: pgf.cfg 2008/05/14  (rcs-revision 1.7)
)
Driver file for pgf: pgfsys-pdftex.def

("C:\Users\Richie\AppData\Local\Programs\MiKTeX 2.9\tex\generic\pgf\systemlayer
\pgfsys-pdftex.def"
File: pgfsys-pdftex.def 2014/10/11  (rcs-revision 1.35)

("C:\Users\Richie\AppData\Local\Programs\MiKTeX 2.9\tex\generic\pgf\systemlayer
\pgfsys-common-pdf.def"
File: pgfsys-common-pdf.def 2013/10/10  (rcs-revision 1.13)
)))
("C:\Users\Richie\AppData\Local\Programs\MiKTeX 2.9\tex\generic\pgf\systemlayer
\pgfsyssoftpath.code.tex"
File: pgfsyssoftpath.code.tex 2013/09/09  (rcs-revision 1.9)
\pgfsyssoftpath@smallbuffer@items=\count97
\pgfsyssoftpath@bigbuffer@items=\count98
)
("C:\Users\Richie\AppData\Local\Programs\MiKTeX 2.9\tex\generic\pgf\systemlayer
\pgfsysprotocol.code.tex"
File: pgfsysprotocol.code.tex 2006/10/16  (rcs-revision 1.4)
))
("C:\Users\Richie\AppData\Local\Programs\MiKTeX 2.9\tex\generic\pgf\basiclayer\
pgfcore.code.tex"
Package: pgfcore 2010/04/11 v3.0.1a (rcs-revision 1.7)

("C:\Users\Richie\AppData\Local\Programs\MiKTeX 2.9\tex\generic\pgf\math\pgfmat
h.code.tex"
("C:\Users\Richie\AppData\Local\Programs\MiKTeX 2.9\tex\generic\pgf\math\pgfmat
hcalc.code.tex"
("C:\Users\Richie\AppData\Local\Programs\MiKTeX 2.9\tex\generic\pgf\math\pgfmat
hutil.code.tex")
("C:\Users\Richie\AppData\Local\Programs\MiKTeX 2.9\tex\generic\pgf\math\pgfmat
hparser.code.tex"
\pgfmath@dimen=\dimen123
\pgfmath@count=\count99
\pgfmath@box=\box27
\pgfmath@toks=\toks25
\pgfmath@stack@operand=\toks26
\pgfmath@stack@operation=\toks27
)
("C:\Users\Richie\AppData\Local\Programs\MiKTeX 2.9\tex\generic\pgf\math\pgfmat
hfunctions.code.tex"
("C:\Users\Richie\AppData\Local\Programs\MiKTeX 2.9\tex\generic\pgf\math\pgfmat
hfunctions.basic.code.tex")
("C:\Users\Richie\AppData\Local\Programs\MiKTeX 2.9\tex\generic\pgf\math\pgfmat
hfunctions.trigonometric.code.tex")
("C:\Users\Richie\AppData\Local\Programs\MiKTeX 2.9\tex\generic\pgf\math\pgfmat
hfunctions.random.code.tex")
("C:\Users\Richie\AppData\Local\Programs\MiKTeX 2.9\tex\generic\pgf\math\pgfmat
hfunctions.comparison.code.tex")
("C:\Users\Richie\AppData\Local\Programs\MiKTeX 2.9\tex\generic\pgf\math\pgfmat
hfunctions.base.code.tex")
("C:\Users\Richie\AppData\Local\Programs\MiKTeX 2.9\tex\generic\pgf\math\pgfmat
hfunctions.round.code.tex")
("C:\Users\Richie\AppData\Local\Programs\MiKTeX 2.9\tex\generic\pgf\math\pgfmat
hfunctions.misc.code.tex")
("C:\Users\Richie\AppData\Local\Programs\MiKTeX 2.9\tex\generic\pgf\math\pgfmat
hfunctions.integerarithmetics.code.tex")))
("C:\Users\Richie\AppData\Local\Programs\MiKTeX 2.9\tex\generic\pgf\math\pgfmat
hfloat.code.tex"
\c@pgfmathroundto@lastzeros=\count100
))
("C:\Users\Richie\AppData\Local\Programs\MiKTeX 2.9\tex\generic\pgf\basiclayer\
pgfcorepoints.code.tex"
File: pgfcorepoints.code.tex 2013/10/07  (rcs-revision 1.27)
\pgf@picminx=\dimen124
\pgf@picmaxx=\dimen125
\pgf@picminy=\dimen126
\pgf@picmaxy=\dimen127
\pgf@pathminx=\dimen128
\pgf@pathmaxx=\dimen129
\pgf@pathminy=\dimen130
\pgf@pathmaxy=\dimen131
\pgf@xx=\dimen132
\pgf@xy=\dimen133
\pgf@yx=\dimen134
\pgf@yy=\dimen135
\pgf@zx=\dimen136
\pgf@zy=\dimen137
)
("C:\Users\Richie\AppData\Local\Programs\MiKTeX 2.9\tex\generic\pgf\basiclayer\
pgfcorepathconstruct.code.tex"
File: pgfcorepathconstruct.code.tex 2013/10/07  (rcs-revision 1.29)
\pgf@path@lastx=\dimen138
\pgf@path@lasty=\dimen139
)
("C:\Users\Richie\AppData\Local\Programs\MiKTeX 2.9\tex\generic\pgf\basiclayer\
pgfcorepathusage.code.tex"
File: pgfcorepathusage.code.tex 2014/11/02  (rcs-revision 1.24)
\pgf@shorten@end@additional=\dimen140
\pgf@shorten@start@additional=\dimen141
)
("C:\Users\Richie\AppData\Local\Programs\MiKTeX 2.9\tex\generic\pgf\basiclayer\
pgfcorescopes.code.tex"
File: pgfcorescopes.code.tex 2015/05/08  (rcs-revision 1.46)
\pgfpic=\box28
\pgf@hbox=\box29
\pgf@layerbox@main=\box30
\pgf@picture@serial@count=\count101
)
("C:\Users\Richie\AppData\Local\Programs\MiKTeX 2.9\tex\generic\pgf\basiclayer\
pgfcoregraphicstate.code.tex"
File: pgfcoregraphicstate.code.tex 2014/11/02  (rcs-revision 1.12)
\pgflinewidth=\dimen142
)
("C:\Users\Richie\AppData\Local\Programs\MiKTeX 2.9\tex\generic\pgf\basiclayer\
pgfcoretransformations.code.tex"
File: pgfcoretransformations.code.tex 2015/08/07  (rcs-revision 1.20)
\pgf@pt@x=\dimen143
\pgf@pt@y=\dimen144
\pgf@pt@temp=\dimen145
)
("C:\Users\Richie\AppData\Local\Programs\MiKTeX 2.9\tex\generic\pgf\basiclayer\
pgfcorequick.code.tex"
File: pgfcorequick.code.tex 2008/10/09  (rcs-revision 1.3)
)
("C:\Users\Richie\AppData\Local\Programs\MiKTeX 2.9\tex\generic\pgf\basiclayer\
pgfcoreobjects.code.tex"
File: pgfcoreobjects.code.tex 2006/10/11  (rcs-revision 1.2)
)
("C:\Users\Richie\AppData\Local\Programs\MiKTeX 2.9\tex\generic\pgf\basiclayer\
pgfcorepathprocessing.code.tex"
File: pgfcorepathprocessing.code.tex 2013/09/09  (rcs-revision 1.9)
)
("C:\Users\Richie\AppData\Local\Programs\MiKTeX 2.9\tex\generic\pgf\basiclayer\
pgfcorearrows.code.tex"
File: pgfcorearrows.code.tex 2015/05/14  (rcs-revision 1.43)
\pgfarrowsep=\dimen146
)
("C:\Users\Richie\AppData\Local\Programs\MiKTeX 2.9\tex\generic\pgf\basiclayer\
pgfcoreshade.code.tex"
File: pgfcoreshade.code.tex 2013/07/15  (rcs-revision 1.15)
\pgf@max=\dimen147
\pgf@sys@shading@range@num=\count102
)
("C:\Users\Richie\AppData\Local\Programs\MiKTeX 2.9\tex\generic\pgf\basiclayer\
pgfcoreimage.code.tex"
File: pgfcoreimage.code.tex 2013/07/15  (rcs-revision 1.18)

("C:\Users\Richie\AppData\Local\Programs\MiKTeX 2.9\tex\generic\pgf\basiclayer\
pgfcoreexternal.code.tex"
File: pgfcoreexternal.code.tex 2014/07/09  (rcs-revision 1.21)
\pgfexternal@startupbox=\box31
))
("C:\Users\Richie\AppData\Local\Programs\MiKTeX 2.9\tex\generic\pgf\basiclayer\
pgfcorelayers.code.tex"
File: pgfcorelayers.code.tex 2013/07/18  (rcs-revision 1.7)
)
("C:\Users\Richie\AppData\Local\Programs\MiKTeX 2.9\tex\generic\pgf\basiclayer\
pgfcoretransparency.code.tex"
File: pgfcoretransparency.code.tex 2013/09/30  (rcs-revision 1.5)
)
("C:\Users\Richie\AppData\Local\Programs\MiKTeX 2.9\tex\generic\pgf\basiclayer\
pgfcorepatterns.code.tex"
File: pgfcorepatterns.code.tex 2013/11/07  (rcs-revision 1.5)
)))
("C:\Users\Richie\AppData\Local\Programs\MiKTeX 2.9\tex\generic\pgf\modules\pgf
moduleshapes.code.tex"
File: pgfmoduleshapes.code.tex 2014/03/21  (rcs-revision 1.35)
\pgfnodeparttextbox=\box32
)
("C:\Users\Richie\AppData\Local\Programs\MiKTeX 2.9\tex\generic\pgf\modules\pgf
moduleplot.code.tex"
File: pgfmoduleplot.code.tex 2015/08/03  (rcs-revision 1.13)
)
("C:\Users\Richie\AppData\Local\Programs\MiKTeX 2.9\tex\latex\pgf\compatibility
\pgfcomp-version-0-65.sty"
Package: pgfcomp-version-0-65 2007/07/03 v3.0.1a (rcs-revision 1.7)
\pgf@nodesepstart=\dimen148
\pgf@nodesepend=\dimen149
)
("C:\Users\Richie\AppData\Local\Programs\MiKTeX 2.9\tex\latex\pgf\compatibility
\pgfcomp-version-1-18.sty"
Package: pgfcomp-version-1-18 2007/07/23 v3.0.1a (rcs-revision 1.1)
))
("C:\Users\Richie\AppData\Local\Programs\MiKTeX 2.9\tex\latex\pgf\utilities\pgf
for.sty"
("C:\Users\Richie\AppData\Local\Programs\MiKTeX 2.9\tex\latex\pgf\utilities\pgf
keys.sty"
("C:\Users\Richie\AppData\Local\Programs\MiKTeX 2.9\tex\generic\pgf\utilities\p
gfkeys.code.tex"))
("C:\Users\Richie\AppData\Local\Programs\MiKTeX 2.9\tex\latex\pgf\math\pgfmath.
sty"
("C:\Users\Richie\AppData\Local\Programs\MiKTeX 2.9\tex\generic\pgf\math\pgfmat
h.code.tex"))
("C:\Users\Richie\AppData\Local\Programs\MiKTeX 2.9\tex\generic\pgf\utilities\p
gffor.code.tex"
Package: pgffor 2013/12/13 v3.0.1a (rcs-revision 1.25)

("C:\Users\Richie\AppData\Local\Programs\MiKTeX 2.9\tex\generic\pgf\math\pgfmat
h.code.tex")
\pgffor@iter=\dimen150
\pgffor@skip=\dimen151
\pgffor@stack=\toks28
\pgffor@toks=\toks29
))
("C:\Users\Richie\AppData\Local\Programs\MiKTeX 2.9\tex\generic\pgf\frontendlay
er\tikz\tikz.code.tex"
Package: tikz 2015/08/07 v3.0.1a (rcs-revision 1.151)

("C:\Users\Richie\AppData\Local\Programs\MiKTeX 2.9\tex\generic\pgf\libraries\p
gflibraryplothandlers.code.tex"
File: pgflibraryplothandlers.code.tex 2013/08/31 v3.0.1a (rcs-revision 1.20)
\pgf@plot@mark@count=\count103
\pgfplotmarksize=\dimen152
)
\tikz@lastx=\dimen153
\tikz@lasty=\dimen154
\tikz@lastxsaved=\dimen155
\tikz@lastysaved=\dimen156
\tikzleveldistance=\dimen157
\tikzsiblingdistance=\dimen158
\tikz@figbox=\box33
\tikz@figbox@bg=\box34
\tikz@tempbox=\box35
\tikz@tempbox@bg=\box36
\tikztreelevel=\count104
\tikznumberofchildren=\count105
\tikznumberofcurrentchild=\count106
\tikz@fig@count=\count107

("C:\Users\Richie\AppData\Local\Programs\MiKTeX 2.9\tex\generic\pgf\modules\pgf
modulematrix.code.tex"
File: pgfmodulematrix.code.tex 2013/09/17  (rcs-revision 1.8)
\pgfmatrixcurrentrow=\count108
\pgfmatrixcurrentcolumn=\count109
\pgf@matrix@numberofcolumns=\count110
)
\tikz@expandcount=\count111

("C:\Users\Richie\AppData\Local\Programs\MiKTeX 2.9\tex\generic\pgf\frontendlay
er\tikz\libraries\tikzlibrarytopaths.code.tex"
File: tikzlibrarytopaths.code.tex 2008/06/17 v3.0.1a (rcs-revision 1.2)
)))
("C:\Users\Richie\AppData\Local\Programs\MiKTeX 2.9\tex\generic\pgf\frontendlay
er\tikz\libraries\tikzlibrarypositioning.code.tex"
File: tikzlibrarypositioning.code.tex 2008/10/06 v3.0.1a (rcs-revision 1.7)
)
("C:\Users\Richie\AppData\Local\Programs\MiKTeX 2.9\tex\latex\tools\calc.sty"
Package: calc 2014/10/28 v4.3 Infix arithmetic (KKT,FJ)
\calc@Acount=\count112
\calc@Bcount=\count113
\calc@Adimen=\dimen159
\calc@Bdimen=\dimen160
\calc@Askip=\skip43
\calc@Bskip=\skip44
LaTeX Info: Redefining \setlength on input line 80.
LaTeX Info: Redefining \addtolength on input line 81.
\calc@Ccount=\count114
\calc@Cskip=\skip45
)
\c@@todonotes@numberoftodonotes=\count115
)
("C:\Users\Richie\AppData\Local\Programs\MiKTeX 2.9\tex\latex\listings\listings
.sty"
\lst@mode=\count116
\lst@gtempboxa=\box37
\lst@token=\toks30
\lst@length=\count117
\lst@currlwidth=\dimen161
\lst@column=\count118
\lst@pos=\count119
\lst@lostspace=\dimen162
\lst@width=\dimen163
\lst@newlines=\count120
\lst@lineno=\count121
\lst@maxwidth=\dimen164

("C:\Users\Richie\AppData\Local\Programs\MiKTeX 2.9\tex\latex\listings\lstmisc.
sty"
File: lstmisc.sty 2015/06/04 1.6 (Carsten Heinz)
\c@lstnumber=\count122
\lst@skipnumbers=\count123
\lst@framebox=\box38
)
("C:\Users\Richie\AppData\Local\Programs\MiKTeX 2.9\tex\latex\listings\listings
.cfg"
File: listings.cfg 2015/06/04 1.6 listings configuration
))
Package: listings 2015/06/04 1.6 (Carsten Heinz)

("C:\Users\Richie\AppData\Local\Programs\MiKTeX 2.9\tex\latex\matlab-prettifier
\matlab-prettifier.sty"
Package: matlab-prettifier 2014/06/19 v0.3 A package for prettyprinting Matlab 
source code

("C:\Users\Richie\AppData\Local\Programs\MiKTeX 2.9\tex\latex\base\textcomp.sty
"
Package: textcomp 2005/09/27 v1.99g Standard LaTeX package
Package textcomp Info: Sub-encoding information:
(textcomp)               5 = only ISO-Adobe without \textcurrency
(textcomp)               4 = 5 + \texteuro
(textcomp)               3 = 4 + \textohm
(textcomp)               2 = 3 + \textestimated + \textcurrency
(textcomp)               1 = TS1 - \textcircled - \t
(textcomp)               0 = TS1 (full)
(textcomp)             Font families with sub-encoding setting implement
(textcomp)             only a restricted character set as indicated.
(textcomp)             Family '?' is the default used for unknown fonts.
(textcomp)             See the documentation for details.
Package textcomp Info: Setting ? sub-encoding to TS1/1 on input line 79.
 ("C:\Users\Richie\AppData\Local\Programs\MiKTeX 2.9\tex\latex\base\ts1enc.def"
File: ts1enc.def 2001/06/05 v3.0e (jk/car/fm) Standard LaTeX file
)
LaTeX Info: Redefining \oldstylenums on input line 334.
Package textcomp Info: Setting cmr sub-encoding to TS1/0 on input line 349.
Package textcomp Info: Setting cmss sub-encoding to TS1/0 on input line 350.
Package textcomp Info: Setting cmtt sub-encoding to TS1/0 on input line 351.
Package textcomp Info: Setting cmvtt sub-encoding to TS1/0 on input line 352.
Package textcomp Info: Setting cmbr sub-encoding to TS1/0 on input line 353.
Package textcomp Info: Setting cmtl sub-encoding to TS1/0 on input line 354.
Package textcomp Info: Setting ccr sub-encoding to TS1/0 on input line 355.
Package textcomp Info: Setting ptm sub-encoding to TS1/4 on input line 356.
Package textcomp Info: Setting pcr sub-encoding to TS1/4 on input line 357.
Package textcomp Info: Setting phv sub-encoding to TS1/4 on input line 358.
Package textcomp Info: Setting ppl sub-encoding to TS1/3 on input line 359.
Package textcomp Info: Setting pag sub-encoding to TS1/4 on input line 360.
Package textcomp Info: Setting pbk sub-encoding to TS1/4 on input line 361.
Package textcomp Info: Setting pnc sub-encoding to TS1/4 on input line 362.
Package textcomp Info: Setting pzc sub-encoding to TS1/4 on input line 363.
Package textcomp Info: Setting bch sub-encoding to TS1/4 on input line 364.
Package textcomp Info: Setting put sub-encoding to TS1/5 on input line 365.
Package textcomp Info: Setting uag sub-encoding to TS1/5 on input line 366.
Package textcomp Info: Setting ugq sub-encoding to TS1/5 on input line 367.
Package textcomp Info: Setting ul8 sub-encoding to TS1/4 on input line 368.
Package textcomp Info: Setting ul9 sub-encoding to TS1/4 on input line 369.
Package textcomp Info: Setting augie sub-encoding to TS1/5 on input line 370.
Package textcomp Info: Setting dayrom sub-encoding to TS1/3 on input line 371.
Package textcomp Info: Setting dayroms sub-encoding to TS1/3 on input line 372.

Package textcomp Info: Setting pxr sub-encoding to TS1/0 on input line 373.
Package textcomp Info: Setting pxss sub-encoding to TS1/0 on input line 374.
Package textcomp Info: Setting pxtt sub-encoding to TS1/0 on input line 375.
Package textcomp Info: Setting txr sub-encoding to TS1/0 on input line 376.
Package textcomp Info: Setting txss sub-encoding to TS1/0 on input line 377.
Package textcomp Info: Setting txtt sub-encoding to TS1/0 on input line 378.
Package textcomp Info: Setting lmr sub-encoding to TS1/0 on input line 379.
Package textcomp Info: Setting lmdh sub-encoding to TS1/0 on input line 380.
Package textcomp Info: Setting lmss sub-encoding to TS1/0 on input line 381.
Package textcomp Info: Setting lmssq sub-encoding to TS1/0 on input line 382.
Package textcomp Info: Setting lmvtt sub-encoding to TS1/0 on input line 383.
Package textcomp Info: Setting lmtt sub-encoding to TS1/0 on input line 384.
Package textcomp Info: Setting qhv sub-encoding to TS1/0 on input line 385.
Package textcomp Info: Setting qag sub-encoding to TS1/0 on input line 386.
Package textcomp Info: Setting qbk sub-encoding to TS1/0 on input line 387.
Package textcomp Info: Setting qcr sub-encoding to TS1/0 on input line 388.
Package textcomp Info: Setting qcs sub-encoding to TS1/0 on input line 389.
Package textcomp Info: Setting qpl sub-encoding to TS1/0 on input line 390.
Package textcomp Info: Setting qtm sub-encoding to TS1/0 on input line 391.
Package textcomp Info: Setting qzc sub-encoding to TS1/0 on input line 392.
Package textcomp Info: Setting qhvc sub-encoding to TS1/0 on input line 393.
Package textcomp Info: Setting futs sub-encoding to TS1/4 on input line 394.
Package textcomp Info: Setting futx sub-encoding to TS1/4 on input line 395.
Package textcomp Info: Setting futj sub-encoding to TS1/4 on input line 396.
Package textcomp Info: Setting hlh sub-encoding to TS1/3 on input line 397.
Package textcomp Info: Setting hls sub-encoding to TS1/3 on input line 398.
Package textcomp Info: Setting hlst sub-encoding to TS1/3 on input line 399.
Package textcomp Info: Setting hlct sub-encoding to TS1/5 on input line 400.
Package textcomp Info: Setting hlx sub-encoding to TS1/5 on input line 401.
Package textcomp Info: Setting hlce sub-encoding to TS1/5 on input line 402.
Package textcomp Info: Setting hlcn sub-encoding to TS1/5 on input line 403.
Package textcomp Info: Setting hlcw sub-encoding to TS1/5 on input line 404.
Package textcomp Info: Setting hlcf sub-encoding to TS1/5 on input line 405.
Package textcomp Info: Setting pplx sub-encoding to TS1/3 on input line 406.
Package textcomp Info: Setting pplj sub-encoding to TS1/3 on input line 407.
Package textcomp Info: Setting ptmx sub-encoding to TS1/4 on input line 408.
Package textcomp Info: Setting ptmj sub-encoding to TS1/4 on input line 409.
)
\netBracketCount@mlpr=\count124
\blkLvl@mlpr=\count125
\blkLvlAtClassdef@mlpr=\count126
\emHeight@mlpr=\skip46
\jayDepth@mlpr=\skip47
\sectionRuleOffset@mlpr=\skip48
\toks@mlpr=\toks31
)
("C:\Users\Richie\AppData\Local\Programs\MiKTeX 2.9\tex\latex\hyperref\hyperref
.sty"
Package: hyperref 2012/11/06 v6.83m Hypertext links for LaTeX

("C:\Users\Richie\AppData\Local\Programs\MiKTeX 2.9\tex\generic\oberdiek\hobsub
-hyperref.sty"
Package: hobsub-hyperref 2012/04/25 v1.12 Bundle oberdiek, subset hyperref (HO)


("C:\Users\Richie\AppData\Local\Programs\MiKTeX 2.9\tex\generic\oberdiek\hobsub
-generic.sty"
Package: hobsub-generic 2012/04/25 v1.12 Bundle oberdiek, subset generic (HO)
Package: hobsub 2012/04/25 v1.12 Construct package bundles (HO)
Package hobsub Info: Skipping package `infwarerr' (already loaded).
Package hobsub Info: Skipping package `ltxcmds' (already loaded).
Package: ifluatex 2010/03/01 v1.3 Provides the ifluatex switch (HO)
Package ifluatex Info: LuaTeX not detected.
Package hobsub Info: Skipping package `ifvtex' (already loaded).
Package: intcalc 2007/09/27 v1.1 Expandable calculations with integers (HO)
Package hobsub Info: Skipping package `ifpdf' (already loaded).
Package: etexcmds 2011/02/16 v1.5 Avoid name clashes with e-TeX commands (HO)
Package etexcmds Info: Could not find \expanded.
(etexcmds)             That can mean that you are not using pdfTeX 1.50 or
(etexcmds)             that some package has redefined \expanded.
(etexcmds)             In the latter case, load this package earlier.
Package: kvsetkeys 2012/04/25 v1.16 Key value parser (HO)
Package: kvdefinekeys 2011/04/07 v1.3 Define keys (HO)
Package: pdftexcmds 2011/11/29 v0.20 Utility functions of pdfTeX for LuaTeX (HO
)
Package pdftexcmds Info: LuaTeX not detected.
Package pdftexcmds Info: \pdf@primitive is available.
Package pdftexcmds Info: \pdf@ifprimitive is available.
Package pdftexcmds Info: \pdfdraftmode found.
Package: pdfescape 2011/11/25 v1.13 Implements pdfTeX's escape features (HO)
Package: bigintcalc 2012/04/08 v1.3 Expandable calculations on big integers (HO
)
Package: bitset 2011/01/30 v1.1 Handle bit-vector datatype (HO)
Package: uniquecounter 2011/01/30 v1.2 Provide unlimited unique counter (HO)
)
Package hobsub Info: Skipping package `hobsub' (already loaded).
Package: letltxmacro 2010/09/02 v1.4 Let assignment for LaTeX macros (HO)
Package: hopatch 2011/06/24 v1.1 Wrapper for package hooks (HO)
Package: xcolor-patch 2011/01/30 xcolor patch
Package: atveryend 2011/06/30 v1.8 Hooks at the very end of document (HO)
Package atveryend Info: \enddocument detected (standard20110627).
Package: atbegshi 2011/10/05 v1.16 At begin shipout hook (HO)
Package: refcount 2011/10/16 v3.4 Data extraction from label references (HO)
Package: hycolor 2011/01/30 v1.7 Color options for hyperref/bookmark (HO)
)
("C:\Users\Richie\AppData\Local\Programs\MiKTeX 2.9\tex\latex\oberdiek\auxhook.
sty"
Package: auxhook 2011/03/04 v1.3 Hooks for auxiliary files (HO)
)
("C:\Users\Richie\AppData\Local\Programs\MiKTeX 2.9\tex\latex\oberdiek\kvoption
s.sty"
Package: kvoptions 2011/06/30 v3.11 Key value format for package options (HO)
)
\@linkdim=\dimen165
\Hy@linkcounter=\count127
\Hy@pagecounter=\count128

("C:\Users\Richie\AppData\Local\Programs\MiKTeX 2.9\tex\latex\hyperref\pd1enc.d
ef"
File: pd1enc.def 2012/11/06 v6.83m Hyperref: PDFDocEncoding definition (HO)
)
\Hy@SavedSpaceFactor=\count129

("C:\Users\Richie\AppData\Local\Programs\MiKTeX 2.9\tex\latex\00miktex\hyperref
.cfg"
File: hyperref.cfg 2002/06/06 v1.2 hyperref configuration of TeXLive
)
Package hyperref Info: Hyper figures OFF on input line 4443.
Package hyperref Info: Link nesting OFF on input line 4448.
Package hyperref Info: Hyper index ON on input line 4451.
Package hyperref Info: Plain pages OFF on input line 4458.
Package hyperref Info: Backreferencing OFF on input line 4463.
Package hyperref Info: Implicit mode ON; LaTeX internals redefined.
Package hyperref Info: Bookmarks ON on input line 4688.
\c@Hy@tempcnt=\count130
 ("C:\Users\Richie\AppData\Local\Programs\MiKTeX 2.9\tex\latex\url\url.sty"
\Urlmuskip=\muskip10
Package: url 2013/09/16  ver 3.4  Verb mode for urls, etc.
)
LaTeX Info: Redefining \url on input line 5041.
\XeTeXLinkMargin=\dimen166
\Fld@menulength=\count131
\Field@Width=\dimen167
\Fld@charsize=\dimen168
Package hyperref Info: Hyper figures OFF on input line 6295.
Package hyperref Info: Link nesting OFF on input line 6300.
Package hyperref Info: Hyper index ON on input line 6303.
Package hyperref Info: backreferencing OFF on input line 6310.
Package hyperref Info: Link coloring OFF on input line 6315.
Package hyperref Info: Link coloring with OCG OFF on input line 6320.
Package hyperref Info: PDF/A mode OFF on input line 6325.
LaTeX Info: Redefining \ref on input line 6365.
LaTeX Info: Redefining \pageref on input line 6369.
\Hy@abspage=\count132
\c@Item=\count133
\c@Hfootnote=\count134
)

Package hyperref Message: Driver (autodetected): hpdftex.


("C:\Users\Richie\AppData\Local\Programs\MiKTeX 2.9\tex\latex\hyperref\hpdftex.
def"
File: hpdftex.def 2012/11/06 v6.83m Hyperref driver for pdfTeX
\Fld@listcount=\count135
\c@bookmark@seq@number=\count136

("C:\Users\Richie\AppData\Local\Programs\MiKTeX 2.9\tex\latex\oberdiek\rerunfil
echeck.sty"
Package: rerunfilecheck 2011/04/15 v1.7 Rerun checks for auxiliary files (HO)
Package uniquecounter Info: New unique counter `rerunfilecheck' on input line 2
82.
)
\Hy@SectionHShift=\skip49
)
("C:\Users\Richie\AppData\Local\Programs\MiKTeX 2.9\tex\latex\tools\array.sty"
Package: array 2014/10/28 v2.4c Tabular extension package (FMi)
\col@sep=\dimen169
\extrarowheight=\dimen170
\NC@list=\toks32
\extratabsurround=\skip50
\backup@length=\skip51
)
("C:\Users\Richie\AppData\Local\Programs\MiKTeX 2.9\tex\latex\tools\enumerate.s
ty"
Package: enumerate 2015/07/23 v3.00 enumerate extensions (DPC)
\@enLab=\toks33
)
("C:\Users\Richie\AppData\Local\Programs\MiKTeX 2.9\tex\latex\float\float.sty"
Package: float 2001/11/08 v1.3d Float enhancements (AL)
\c@float@type=\count137
\float@exts=\toks34
\float@box=\box39
\@float@everytoks=\toks35
\@floatcapt=\box40
)
("C:\Users\Richie\AppData\Local\Programs\MiKTeX 2.9\tex\latex\booktabs\booktabs
.sty"
Package: booktabs 2005/04/14 v1.61803 publication quality tables
\heavyrulewidth=\dimen171
\lightrulewidth=\dimen172
\cmidrulewidth=\dimen173
\belowrulesep=\dimen174
\belowbottomsep=\dimen175
\aboverulesep=\dimen176
\abovetopsep=\dimen177
\cmidrulesep=\dimen178
\cmidrulekern=\dimen179
\defaultaddspace=\dimen180
\@cmidla=\count138
\@cmidlb=\count139
\@aboverulesep=\dimen181
\@belowrulesep=\dimen182
\@thisruleclass=\count140
\@lastruleclass=\count141
\@thisrulewidth=\dimen183
)
("C:\Users\Richie\AppData\Local\Programs\MiKTeX 2.9\tex\latex\dirtree\dirtree.s
ty"
Package: dirtree 2012/12/11 v0.32 package wrapper for dirtree

("C:\Users\Richie\AppData\Local\Programs\MiKTeX 2.9\tex\generic\dirtree\dirtree
.tex" `dirtree' v0.32, 2012/12/11 (jcc)
\DT@offset=\dimen184
\DT@width=\dimen185
\DT@sep=\dimen186
\DT@all=\dimen187
\DT@rulewidth=\dimen188
\DT@dotwidth=\dimen189
\DTbaselineskip=\dimen190
\DT@counti=\count142
\DT@countii=\count143
\DT@countiii=\count144
\DT@countiv=\count145
\DT@indent=\dimen191
\DT@parskip=\dimen192
\DT@baselineskip=\dimen193
)
File: dirtree.tex 2012/12/11 v0.32 `dirtree' (jcc)
)
("C:\Users\Richie\AppData\Local\Programs\MiKTeX 2.9\tex\latex\multirow\multirow
.sty"
\bigstrutjot=\dimen194
)
("C:\Users\Richie\AppData\Local\Programs\MiKTeX 2.9\tex\latex\was\gensymb.sty"
Package: gensymb 2003/07/02 v1.0 (WaS)
)
("C:\Users\Richie\AppData\Local\Programs\MiKTeX 2.9\tex\latex\amsmath\amsmath.s
ty"
Package: amsmath 2013/01/14 v2.14 AMS math features
\@mathmargin=\skip52

For additional information on amsmath, use the `?' option.

("C:\Users\Richie\AppData\Local\Programs\MiKTeX 2.9\tex\latex\amsmath\amstext.s
ty"
Package: amstext 2000/06/29 v2.01

("C:\Users\Richie\AppData\Local\Programs\MiKTeX 2.9\tex\latex\amsmath\amsgen.st
y"
File: amsgen.sty 1999/11/30 v2.0
\@emptytoks=\toks36
\ex@=\dimen195
))
("C:\Users\Richie\AppData\Local\Programs\MiKTeX 2.9\tex\latex\amsmath\amsbsy.st
y"
Package: amsbsy 1999/11/29 v1.2d
\pmbraise@=\dimen196
)
("C:\Users\Richie\AppData\Local\Programs\MiKTeX 2.9\tex\latex\amsmath\amsopn.st
y"
Package: amsopn 1999/12/14 v2.01 operator names
)
\inf@bad=\count146
LaTeX Info: Redefining \frac on input line 210.
\uproot@=\count147
\leftroot@=\count148
LaTeX Info: Redefining \overline on input line 306.
\classnum@=\count149
\DOTSCASE@=\count150
LaTeX Info: Redefining \ldots on input line 378.
LaTeX Info: Redefining \dots on input line 381.
LaTeX Info: Redefining \cdots on input line 466.
\Mathstrutbox@=\box41
\strutbox@=\box42
\big@size=\dimen197
LaTeX Font Info:    Redeclaring font encoding OML on input line 566.
LaTeX Font Info:    Redeclaring font encoding OMS on input line 567.
\macc@depth=\count151
\c@MaxMatrixCols=\count152
\dotsspace@=\muskip11
\c@parentequation=\count153
\dspbrk@lvl=\count154
\tag@help=\toks37
\row@=\count155
\column@=\count156
\maxfields@=\count157
\andhelp@=\toks38
\eqnshift@=\dimen198
\alignsep@=\dimen199
\tagshift@=\dimen256
\tagwidth@=\dimen257
\totwidth@=\dimen258
\lineht@=\dimen259
\@envbody=\toks39
\multlinegap=\skip53
\multlinetaggap=\skip54
\mathdisplay@stack=\toks40
LaTeX Info: Redefining \[ on input line 2665.
LaTeX Info: Redefining \] on input line 2666.
)
("C:\Users\Richie\AppData\Local\Programs\MiKTeX 2.9\tex\latex\easylist\easylist
.sty"
Package: easylist 2014/01/11 v.1.4 Numbered items with a single command.
\el@CounterTotal=\count158
\el@Scratch=\count159
\el@ControlCounter=\count160
\el@CounterLevel=\count161
\c@List1=\count162
\c@List2=\count163
\c@List3=\count164
\c@List4=\count165
\c@List5=\count166
\c@List6=\count167
\c@List7=\count168
\c@List8=\count169
\c@List9=\count170
\c@List10=\count171
\el@ProgressiveDimension=\dimen260
\el@CounterBox=\box43
\el@ControlBox=\box44
\el@TotalMargin=\dimen261
\el@LeftMove=\dimen262
)
("C:\Users\Richie\AppData\Local\Programs\MiKTeX 2.9\tex\latex\tools\tabularx.st
y"
Package: tabularx 2014/10/28 v2.10 `tabularx' package (DPC)
\TX@col@width=\dimen263
\TX@old@table=\dimen264
\TX@old@col=\dimen265
\TX@target=\dimen266
\TX@delta=\dimen267
\TX@cols=\count172
\TX@ftn=\toks41
) (dirtreecmds.tex) (FinalReport.aux

LaTeX Warning: Label `fig:pinouts' multiply defined.


LaTeX Warning: Label `fig:gerber' multiply defined.


LaTeX Warning: Label `alg:getValue' multiply defined.


LaTeX Warning: Label `alg:getValue' multiply defined.


LaTeX Warning: Label `alg:getValue' multiply defined.

)
\openout1 = `FinalReport.aux'.

LaTeX Font Info:    Checking defaults for OML/cmm/m/it on input line 48.
LaTeX Font Info:    ... okay on input line 48.
LaTeX Font Info:    Checking defaults for T1/cmr/m/n on input line 48.
LaTeX Font Info:    ... okay on input line 48.
LaTeX Font Info:    Checking defaults for OT1/cmr/m/n on input line 48.
LaTeX Font Info:    ... okay on input line 48.
LaTeX Font Info:    Checking defaults for OMS/cmsy/m/n on input line 48.
LaTeX Font Info:    ... okay on input line 48.
LaTeX Font Info:    Checking defaults for OMX/cmex/m/n on input line 48.
LaTeX Font Info:    ... okay on input line 48.
LaTeX Font Info:    Checking defaults for U/cmr/m/n on input line 48.
LaTeX Font Info:    ... okay on input line 48.
LaTeX Font Info:    Checking defaults for TS1/cmr/m/n on input line 48.
LaTeX Font Info:    Try loading font information for TS1+cmr on input line 48.
 ("C:\Users\Richie\AppData\Local\Programs\MiKTeX 2.9\tex\latex\base\ts1cmr.fd"
File: ts1cmr.fd 2014/09/29 v2.5h Standard LaTeX font definitions
)
LaTeX Font Info:    ... okay on input line 48.
LaTeX Font Info:    Checking defaults for PD1/pdf/m/n on input line 48.
LaTeX Font Info:    ... okay on input line 48.

*geometry* driver: auto-detecting
*geometry* detected driver: pdftex
*geometry* verbose mode - [ preamble ] result:
* driver: pdftex
* paper: <default>
* layout: <same size as paper>
* layoutoffset:(h,v)=(0.0pt,0.0pt)
* modes: 
* h-part:(L,W,R)=(72.26999pt, 469.75502pt, 72.26999pt)
* v-part:(T,H,B)=(72.26999pt, 650.43001pt, 72.26999pt)
* \paperwidth=614.295pt
* \paperheight=794.96999pt
* \textwidth=469.75502pt
* \textheight=650.43001pt
* \oddsidemargin=0.0pt
* \evensidemargin=0.0pt
* \topmargin=-37.0pt
* \headheight=12.0pt
* \headsep=25.0pt
* \topskip=10.0pt
* \footskip=30.0pt
* \marginparwidth=65.0pt
* \marginparsep=11.0pt
* \columnsep=10.0pt
* \skip\footins=9.0pt plus 4.0pt minus 2.0pt
* \hoffset=0.0pt
* \voffset=0.0pt
* \mag=1000
* \@twocolumnfalse
* \@twosidefalse
* \@mparswitchfalse
* \@reversemarginfalse
* (1in=72.27pt=25.4mm, 1cm=28.453pt)


("C:\Users\Richie\AppData\Local\Programs\MiKTeX 2.9\tex\context\base\supp-pdf.m
kii"
[Loading MPS to PDF converter (version 2006.09.02).]
\scratchcounter=\count173
\scratchdimen=\dimen268
\scratchbox=\box45
\nofMPsegments=\count174
\nofMParguments=\count175
\everyMPshowfont=\toks42
\MPscratchCnt=\count176
\MPscratchDim=\dimen269
\MPnumerator=\count177
\makeMPintoPDFobject=\count178
\everyMPtoPDFconversion=\toks43
) ABD: EveryShipout initializing macros
\c@lstlisting=\count179
\AtBeginShipoutBox=\box46
Package hyperref Info: Link coloring OFF on input line 48.

("C:\Users\Richie\AppData\Local\Programs\MiKTeX 2.9\tex\latex\hyperref\nameref.
sty"
Package: nameref 2012/10/27 v2.43 Cross-referencing by name of section

("C:\Users\Richie\AppData\Local\Programs\MiKTeX 2.9\tex\generic\oberdiek\gettit
lestring.sty"
Package: gettitlestring 2010/12/03 v1.4 Cleanup title references (HO)
)
\c@section@level=\count180
)
LaTeX Info: Redefining \ref on input line 48.
LaTeX Info: Redefining \pageref on input line 48.
LaTeX Info: Redefining \nameref on input line 48.
 (FinalReport.out) (FinalReport.out)
\@outlinefile=\write4
\openout4 = `FinalReport.out'.

\symgns@font=\mathgroup4
LaTeX Font Info:    Overwriting symbol font `gns@font' in version `bold'
(Font)                  TS1/cmr/m/n --> TS1/cmr/bx/n on input line 48.
Package gensymb Info: Math companion symbols declared on input line 48.
LaTeX Info: Redefining \degree on input line 48.
LaTeX Info: Redefining \celsius on input line 48.
Package gensymb Info: Using text companion symbols for \degree, \celsius and \p
erthousand on input line 48.
LaTeX Info: Redefining \ohm on input line 48.
Package gensymb Info: Using \textohm for \ohm on input line 48.
Package gensymb Info: Using \textmu for \micro on input line 48.
 (titlepage.tex
<../figures/birdword.png, id=290, 309.5565pt x 269.0853pt>
File: ../figures/birdword.png Graphic file (type png)

<use ../figures/birdword.png>
Package pdftex.def Info: ../figures/birdword.png used on input line 10.
(pdftex.def)             Requested size: 180.67499pt x 157.055pt.
 [1

{C:/Users/Richie/AppData/Local/MiKTeX/2.9/pdftex/config/pdftex.map} <../figures
/birdword.png>]) (intro.tex) [1


pdfTeX warning (ext4): destination with the same identifier (name{table.0.1}) h
as been already used, duplicate ignored

\@EveryShipout@Output ...@Org@Shipout \box \@cclv 
                                                  
l.54 	\cleardoublepage
                      ] [2] (FinalReport.tocpdfTeX warning (ext4): destination 
with the same identifier (name{page.1}) has been already used, duplicate ignore
d
<to be read again> 
                   \relax 
l.42 ...3.4.1}Reduce Weight}{19}{subsection.3.4.1}
                                                   [1


])
\tf@toc=\write5
\openout5 = `FinalReport.toc'.

 [2]
Chapter 1.
(hardware.texpdfTeX warning (ext4): destination with the same identifier (name{
page.1}) has been already used, duplicate ignored
<to be read again> 
                   \relax 
l.51 
      [1


pdfTeX warning (ext4): destination with the same identifier (name{table.1.1}) h
as been already used, duplicate ignored

\@EveryShipout@Output ...@Org@Shipout \box \@cclv 
                                                  
l.51 
     ]pdfTeX warning (ext4): destination with the same identifier (name{page.2}
) has been already used, duplicate ignored
<to be read again> 
                   \relax 
l.101 
       [2pdfTeX warning (ext4): destination with the same identifier (name{tabl
e.1.2}) has been already used, duplicate ignored

\@EveryShipout@Output ...@Org@Shipout \box \@cclv 
                                                  
l.101 
      pdfTeX warning (ext4): destination with the same identifier (name{table.1
.3}) has been already used, duplicate ignored

\@EveryShipout@Output ...@Org@Shipout \box \@cclv 
                                                  
l.101 
      pdfTeX warning (ext4): destination with the same identifier (name{table.1
.4}) has been already used, duplicate ignored

\@EveryShipout@Output ...@Org@Shipout \box \@cclv 
                                                  
l.101 
      ] <../figures/lenscomp.png, id=415, 1690.6362pt x 1109.1036pt>
File: ../figures/lenscomp.png Graphic file (type png)

<use ../figures/lenscomp.png>
Package pdftex.def Info: ../figures/lenscomp.png used on input line 104.
(pdftex.def)             Requested size: 507.19478pt x 332.73364pt.

Overfull \hbox (37.43976pt too wide) in paragraph at lines 104--105
 [][] 
 []

) [3pdfTeX warning (ext4): destination with the same identifier (name{figure.1.
1}) has been already used, duplicate ignored

\@EveryShipout@Output ...@Org@Shipout \box \@cclv 
                                                  
l.65 	\chapter
              {Electronics} <../figures/lenscomp.png

pdfTeX warning: pdflatex.exe (file ../figures/lenscomp.png): large interlaced P
NG might cause out of memory (use non-interlaced PNG to fix this)
>]
Chapter 2.
(cameraSync.tex [4

] [5] <../figures/LED.png, id=440, 704.8734pt x 381.5856pt>
File: ../figures/LED.png Graphic file (type png)

<use ../figures/LED.png>
Package pdftex.def Info: ../figures/LED.png used on input line 54.
(pdftex.def)             Requested size: 352.31625pt x 190.7341pt.
 [6pdfTeX warning (ext4): destination with the same identifier (name{figure.2.1
}) has been already used, duplicate ignored

\@EveryShipout@Output ...@Org@Shipout \box \@cclv 
                                                  
l.63 
      <../figures/LED.png>]
<../figures/Schematic.png, id=448, 1105.36964pt x 744.01965pt>
File: ../figures/Schematic.png Graphic file (type png)

<use ../figures/Schematic.png>
Package pdftex.def Info: ../figures/Schematic.png used on input line 66.
(pdftex.def)             Requested size: 352.31625pt x 237.13751pt.

<../figures/board.png, id=450, 144.54pt x 199.4652pt>
File: ../figures/board.png Graphic file (type png)

<use ../figures/board.png>
Package pdftex.def Info: ../figures/board.png used on input line 75.
(pdftex.def)             Requested size: 104.74358pt x 144.54pt.

<../figures/panelZoomschematic.png, id=453, 544.28343pt x 676.77844pt>
File: ../figures/panelZoomschematic.png Graphic file (type png)

<use ../figures/panelZoomschematic.png>
Package pdftex.def Info: ../figures/panelZoomschematic.png used on input line 8
3.
(pdftex.def)             Requested size: 116.23798pt x 144.54pt.
 [7pdfTeX warning (ext4): destination with the same identifier (name{figure.2.2
}) has been already used, duplicate ignored

\@EveryShipout@Output ...@Org@Shipout \box \@cclv 
                                                  
l.86 \end{figure}
                 pdfTeX warning (ext4): destination with the same identifier (n
ame{figure.2.3}) has been already used, duplicate ignored

\@EveryShipout@Output ...@Org@Shipout \box \@cclv 
                                                  
l.86 \end{figure}
                  <../figures/Schematic.png (PNG copy)> <../figures/board.png (
PNG copy)>] <../figures/panelboard.png, id=460, 162.6075pt x 72.9927pt>
File: ../figures/panelboard.png Graphic file (type png)

<use ../figures/panelboard.png>
Package pdftex.def Info: ../figures/panelboard.png used on input line 89.
(pdftex.def)             Requested size: 160.9968pt x 72.26999pt.

<../figures/pinoutmainPCB.pdf, id=462, 969.6225pt x 552.56438pt>
File: ../figures/pinoutmainPCB.pdf Graphic file (type pdf)

<use ../figures/pinoutmainPCB.pdf>
Package pdftex.def Info: ../figures/pinoutmainPCB.pdf used on input line 98.
(pdftex.def)             Requested size: 484.81006pt x 276.28151pt.

<../figures/pinoutpanelPCB.pdf, id=463, 983.17313pt x 432.11438pt>
File: ../figures/pinoutpanelPCB.pdf Graphic file (type pdf)

<use ../figures/pinoutpanelPCB.pdf>
Package pdftex.def Info: ../figures/pinoutpanelPCB.pdf used on input line 99.
(pdftex.def)             Requested size: 491.58536pt x 216.05666pt.

Overfull \hbox (15.05504pt too wide) in paragraph at lines 98--100
 [][] 
 []


Overfull \hbox (21.83034pt too wide) in paragraph at lines 98--100
 [] 
 []

[8pdfTeX warning (ext4): destination with the same identifier (name{figure.2.4}
) has been already used, duplicate ignored

\@EveryShipout@Output ...@Org@Shipout \box \@cclv 
                                                  
l.103 
      pdfTeX warning (ext4): destination with the same identifier (name{figure.
2.5}) has been already used, duplicate ignored

\@EveryShipout@Output ...@Org@Shipout \box \@cclv 
                                                  
l.103 
       <../figures/panelZoomschematic.png> <../figures/panelboard.png (PNG copy
)>] [9pdfTeX warning (ext4): destination with the same identifier (name{figure.
2.6}) has been already used, duplicate ignored

\@EveryShipout@Output ...@Org@Shipout \box \@cclv 
                                                  
l.121 \end{table}
                  <../figures/pinoutmainPCB.pdf> <../figures/pinoutpanelPCB.pdf


pdfTeX warning: pdflatex.exe (file ../figures/pinoutpanelPCB.pdf): PDF inclusio
n: multiple pdfs with page group included in a single page
>] <../figures/tenpin.png, id=516, 313.6518pt x 236.082pt>
File: ../figures/tenpin.png Graphic file (type png)

<use ../figures/tenpin.png>
Package pdftex.def Info: ../figures/tenpin.png used on input line 125.
(pdftex.def)             Requested size: 219.55475pt x 165.25626pt.
 [10pdfTeX warning (ext4): destination with the same identifier (name{table.2.1
}) has been already used, duplicate ignored

\@EveryShipout@Output ...@Org@Shipout \box \@cclv 
                                                  
l.167 \subsection
                 {Alternate Power}pdfTeX warning (ext4): destination with the s
ame identifier (name{figure.2.7}) has been already used, duplicate ignored

\@EveryShipout@Output ...@Org@Shipout \box \@cclv 
                                                  
l.167 \subsection
                 {Alternate Power}pdfTeX warning (ext4): destination with the s
ame identifier (name{table.2.2}) has been already used, duplicate ignored

\@EveryShipout@Output ...@Org@Shipout \box \@cclv 
                                                  
l.167 \subsection
                 {Alternate Power} <../figures/tenpin.png>]
<../figures/TeensyFlowchart.pdf, id=534, 717.43031pt x 916.1728pt>
File: ../figures/TeensyFlowchart.pdf Graphic file (type pdf)

<use ../figures/TeensyFlowchart.pdf>
Package pdftex.def Info: ../figures/TeensyFlowchart.pdf used on input line 183.

(pdftex.def)             Requested size: 286.96704pt x 366.46263pt.
 [11pdfTeX warning (ext4): destination with the same identifier (name{table.2.3
}) has been already used, duplicate ignored

\@EveryShipout@Output ...@Org@Shipout \box \@cclv 
                                                  
l.187 
      ] <../figures/logfileend.png, id=546, 592.46344pt x 271.0125pt>
File: ../figures/logfileend.png Graphic file (type png)

<use ../figures/logfileend.png>
Package pdftex.def Info: ../figures/logfileend.png used on input line 206.
(pdftex.def)             Requested size: 414.72157pt x 189.70744pt.
 [12pdfTeX warning (ext4): destination with the same identifier (name{figure.2.
8}) has been already used, duplicate ignored

\@EveryShipout@Output ...@Org@Shipout \box \@cclv 
                                                  
l.210 
      pdfTeX warning (ext4): destination with the same identifier (name{table.2
.4}) has been already used, duplicate ignored

\@EveryShipout@Output ...@Org@Shipout \box \@cclv 
                                                  
l.210 
       <../figures/TeensyFlowchart.pdf>]) [13pdfTeX warning (ext4): destination
 with the same identifier (name{figure.2.9}) has been already used, duplicate i
gnored

\@EveryShipout@Output ...@Org@Shipout \box \@cclv 
                                                  
l.68 	\chapter
              {Mount Design and Fabrication} <../figures/logfileend.png>]
Chapter 3.
(MountDesign.tex
<../figures/cad/cameraEnclosure.png, id=611, 703.87968pt x 552.56438pt>
File: ../figures/cad/cameraEnclosure.png Graphic file (type png)

<use ../figures/cad/cameraEnclosure.png>
Package pdftex.def Info: ../figures/cad/cameraEnclosure.png used on input line 
23.
(pdftex.def)             Requested size: 281.54688pt x 221.02182pt.
 [14

]
<../figures/cad/mount.png, id=623, 520.94624pt x 344.03531pt>
File: ../figures/cad/mount.png Graphic file (type png)

<use ../figures/cad/mount.png>
Package pdftex.def Info: ../figures/cad/mount.png used on input line 34.
(pdftex.def)             Requested size: 208.3748pt x 137.61168pt.

<../figures/cad/electronicsTray.png, id=625, 562.35094pt x 395.97937pt>
File: ../figures/cad/electronicsTray.png Graphic file (type png)

<use ../figures/cad/electronicsTray.png>
Package pdftex.def Info: ../figures/cad/electronicsTray.png used on input line 
43.
(pdftex.def)             Requested size: 224.93639pt x 158.38895pt.
 [15pdfTeX warning (ext4): destination with the same identifier (name{figure.3.
1}) has been already used, duplicate ignored

\@EveryShipout@Output ...@Org@Shipout \box \@cclv 
                                                  
l.46 	\end{figure}
                  pdfTeX warning (ext4): destination with the same identifier (
name{figure.3.2}) has been already used, duplicate ignored

\@EveryShipout@Output ...@Org@Shipout \box \@cclv 
                                                  
l.46 	\end{figure}
                   <../figures/cad/cameraEnclosure.png> <../figures/cad/mount.p
ng>] <../figures/cad/bracket.png, id=636, 591.71063pt x 405.76593pt>
File: ../figures/cad/bracket.png Graphic file (type png)

<use ../figures/cad/bracket.png>
Package pdftex.def Info: ../figures/cad/bracket.png used on input line 52.
(pdftex.def)             Requested size: 236.68005pt x 162.3035pt.

<../figures/vibballs.JPG, id=637, 1243.64626pt x 552.0625pt>
File: ../figures/vibballs.JPG Graphic file (type jpg)

<use ../figures/vibballs.JPG>
Package pdftex.def Info: ../figures/vibballs.JPG used on input line 59.
(pdftex.def)             Requested size: 310.9108pt x 138.01527pt.
 [16pdfTeX warning (ext4): destination with the same identifier (name{figure.3.
3}) has been already used, duplicate ignored

\@EveryShipout@Output ...@Org@Shipout \box \@cclv 
                                                  
l.63 	\section
              {Full Design Specs}pdfTeX warning (ext4): destination with the sa
me identifier (name{figure.3.4}) has been already used, duplicate ignored

\@EveryShipout@Output ...@Org@Shipout \box \@cclv 
                                                  
l.63 	\section
              {Full Design Specs} <../figures/cad/electronicsTray.png> <../figu
res/cad/bracket.png>]
<../figures/cad/all.png, id=648, 682.80093pt x 493.845pt>
File: ../figures/cad/all.png Graphic file (type png)

<use ../figures/cad/all.png>
Package pdftex.def Info: ../figures/cad/all.png used on input line 68.
(pdftex.def)             Requested size: 273.11552pt x 197.53448pt.

<../figures/mvssv2.jpg, id=649, 479.391pt x 299.6796pt>
File: ../figures/mvssv2.jpg Graphic file (type jpg)

<use ../figures/mvssv2.jpg>
Package pdftex.def Info: ../figures/mvssv2.jpg used on input line 75.
(pdftex.def)             Requested size: 335.57141pt x 209.77428pt.
 [17pdfTeX warning (ext4): destination with the same identifier (name{figure.3.
5}) has been already used, duplicate ignored

\@EveryShipout@Output ...@Org@Shipout \box \@cclv 
                                                  
l.79 
     pdfTeX warning (ext4): destination with the same identifier (name{figure.3
.6}) has been already used, duplicate ignored

\@EveryShipout@Output ...@Org@Shipout \box \@cclv 
                                                  
l.79 
      <../figures/vibballs.JPG> <../figures/cad/all.png>]
<../figures/orient.png, id=658, 486.1362pt x 351.714pt>
File: ../figures/orient.png Graphic file (type png)

<use ../figures/orient.png>
Package pdftex.def Info: ../figures/orient.png used on input line 85.
(pdftex.def)             Requested size: 194.45103pt x 140.6831pt.
 [18pdfTeX warning (ext4): destination with the same identifier (name{figure.3.
7}) has been already used, duplicate ignored

\@EveryShipout@Output ...@Org@Shipout \box \@cclv 
                                                  
l.115 \end{align}
                 pdfTeX warning (ext4): destination with the same identifier (n
ame{figure.3.8}) has been already used, duplicate ignored

\@EveryShipout@Output ...@Org@Shipout \box \@cclv 
                                                  
l.115 \end{align}
                  <../figures/mvssv2.jpg> <../figures/orient.png>]) [19pdfTeX w
arning (ext4): destination with the same identifier (name{table.3.1}) has been 
already used, duplicate ignored

\@EveryShipout@Output ...@Org@Shipout \box \@cclv 
                                                  
l.71 	\chapter
              {Image Synchronization}\label{ch:sync}]
Chapter 4.
(ImageSynchro.tex <../figures/rawPPS.png, id=676, 548.80031pt x 421.575pt>
File: ../figures/rawPPS.png Graphic file (type png)

<use ../figures/rawPPS.png>
Package pdftex.def Info: ../figures/rawPPS.png used on input line 26.
(pdftex.def)             Requested size: 384.15758pt x 295.10048pt.
 [20

]
<../figures/decodedNMEA.png, id=690, 1136.74687pt x 740.7675pt>
File: ../figures/decodedNMEA.png Graphic file (type png)

<use ../figures/decodedNMEA.png>
Package pdftex.def Info: ../figures/decodedNMEA.png used on input line 34.
(pdftex.def)             Requested size: 454.6907pt x 296.30174pt.
 [21pdfTeX warning (ext4): destination with the same identifier (name{figure.4.
1}) has been already used, duplicate ignored

\@EveryShipout@Output ...@Org@Shipout \box \@cclv 
                                                  
l.38 
      <../figures/rawPPS.png (PNG copy)>] [22pdfTeX warning (ext4): destination
 with the same identifier (name{figure.4.2}) has been already used, duplicate i
gnored

\@EveryShipout@Output ...@Org@Shipout \box \@cclv 
                                                  
l.61 		\item U
              se the NMEA GPS string recorded in Teensy time and stamped wit...
pdfTeX warning (ext4): destination with the same identifier (name{table.4.1}) h
as been already used, duplicate ignored

\@EveryShipout@Output ...@Org@Shipout \box \@cclv 
                                                  
l.61 		\item U
              se the NMEA GPS string recorded in Teensy time and stamped wit...
 <../figures/decodedNMEA.png>]
<../figures/iminfotxt.png, id=707, 518.6878pt x 95.6072pt>
File: ../figures/iminfotxt.png Graphic file (type png)

<use ../figures/iminfotxt.png>
Package pdftex.def Info: ../figures/iminfotxt.png used on input line 84.
(pdftex.def)             Requested size: 414.9508pt x 76.48584pt.
 [23pdfTeX warning (ext4): destination with the same identifier (name{figure.4.
3}) has been already used, duplicate ignored

\@EveryShipout@Output ...@Org@Shipout \box \@cclv 
                                                  
l.95 
      <../figures/iminfotxt.png>]
<../figures/gpstxt.png, id=727, 548.0475pt x 229.60782pt>
File: ../figures/gpstxt.png Graphic file (type png)

<use ../figures/gpstxt.png>
Package pdftex.def Info: ../figures/gpstxt.png used on input line 98.
(pdftex.def)             Requested size: 328.83104pt x 137.76575pt.

<../figures/postxt.png, id=730, 817.55438pt x 189.70876pt>
File: ../figures/postxt.png Graphic file (type png)

<use ../figures/postxt.png>
Package pdftex.def Info: ../figures/postxt.png used on input line 114.
(pdftex.def)             Requested size: 490.53642pt x 113.82613pt.

Overfull \hbox (20.7814pt too wide) in paragraph at lines 114--115
 [][] 
 []

[24pdfTeX warning (ext4): destination with the same identifier (name{figure.4.4
}) has been already used, duplicate ignored

\@EveryShipout@Output ...@Org@Shipout \box \@cclv 
                                                  
l.121 
      pdfTeX warning (ext4): destination with the same identifier (name{figure.
4.5}) has been already used, duplicate ignored

\@EveryShipout@Output ...@Org@Shipout \box \@cclv 
                                                  
l.121 
       <../figures/gpstxt.png> <../figures/postxt.png>]
<../figures/badsync.png, id=742, 706.89093pt x 613.54219pt>
File: ../figures/badsync.png Graphic file (type png)

<use ../figures/badsync.png>
Package pdftex.def Info: ../figures/badsync.png used on input line 124.
(pdftex.def)             Requested size: 424.13783pt x 368.12816pt.
 [25pdfTeX warning (ext4): destination with the same identifier (name{figure.4.
6}) has been already used, duplicate ignored

\@EveryShipout@Output ...@Org@Shipout \box \@cclv 
                                                  
l.134 	\subsection
                  {Incorporate onboard IMU} <../figures/badsync.png>]) [26]
Chapter 5.
(Acquisition.tex
LaTeX Font Info:    Try loading font information for OT1+fvm on input line 11.
LaTeX Font Info:    No file OT1fvm.fd. on input line 11.


LaTeX Font Warning: Font shape `OT1/fvm/m/n' undefined
(Font)              using `OT1/cmr/m/n' instead on input line 11.

(../../Matlab/mvss_cameraFlightPlanning2.m

LaTeX Font Warning: Font shape `OT1/fvm/bx/n' undefined
(Font)              using `OT1/fvm/m/n' instead on input line 2.

) <../figures/imageoverlap.png, id=757, 642.14906pt x 502.87875pt>
File: ../figures/imageoverlap.png Graphic file (type png)

<use ../figures/imageoverlap.png>
Package pdftex.def Info: ../figures/imageoverlap.png used on input line 17.
(pdftex.def)             Requested size: 192.6462pt x 150.86478pt.

<../figures/dwell.PNG, id=758, 584.1825pt x 441.90094pt>
File: ../figures/dwell.PNG Graphic file (type png)

<use ../figures/dwell.PNG>
Package pdftex.def Info: ../figures/dwell.PNG used on input line 18.
(pdftex.def)             Requested size: 199.20773pt x 150.68935pt.
 [27

pdfTeX warning (ext4): destination with the same identifier (name{figure.5.1}) 
has been already used, duplicate ignored

\@EveryShipout@Output ...@Org@Shipout \box \@cclv 
                                                  
l.24 	\cleardoublepage
                       <../figures/imageoverlap.png> <../figures/dwell.PNG>]
[28] [29

] [30

] [31

]
<../figures/icons/DatabaseProject.png, id=794, 48.18pt x 48.18pt>
File: ../figures/icons/DatabaseProject.png Graphic file (type png)

<use ../figures/icons/DatabaseProject.png>
Package pdftex.def Info: ../figures/icons/DatabaseProject.png used on input lin
e 131.
(pdftex.def)             Requested size: 14.4541pt x 14.4541pt.

<../figures/icons/folder.png, id=795, 48.18pt x 48.18pt>
File: ../figures/icons/folder.png Graphic file (type png)

<use ../figures/icons/folder.png>
Package pdftex.def Info: ../figures/icons/folder.png used on input line 131.
(pdftex.def)             Requested size: 14.4541pt x 14.4541pt.
File: ../figures/icons/folder.png Graphic file (type png)
 <use ../figures/icons/folder.png>
Package pdftex.def Info: ../figures/icons/folder.png used on input line 131.
(pdftex.def)             Requested size: 14.4541pt x 14.4541pt.
File: ../figures/icons/folder.png Graphic file (type png)

<use ../figures/icons/folder.png>
Package pdftex.def Info: ../figures/icons/folder.png used on input line 131.
(pdftex.def)             Requested size: 14.4541pt x 14.4541pt.
File: ../figures/icons/folder.png Graphic file (type png)
 <use ../figures/icons/folder.png>
Package pdftex.def Info: ../figures/icons/folder.png used on input line 131.
(pdftex.def)             Requested size: 14.4541pt x 14.4541pt.

<../figures/icons/text-document.png, id=796, 48.18pt x 48.18pt>
File: ../figures/icons/text-document.png Graphic file (type png)

<use ../figures/icons/text-document.png>
Package pdftex.def Info: ../figures/icons/text-document.png used on input line 
131.
(pdftex.def)             Requested size: 14.4541pt x 14.4541pt.

<../figures/icons/cc.jpg, id=797, 48.18pt x 48.18pt>
File: ../figures/icons/cc.jpg Graphic file (type jpg)

<use ../figures/icons/cc.jpg>
Package pdftex.def Info: ../figures/icons/cc.jpg used on input line 131.
(pdftex.def)             Requested size: 14.4541pt x 14.4541pt.
File: ../figures/icons/folder.png Graphic file (type png)
 <use ../figures/icons/folder.png>
Package pdftex.def Info: ../figures/icons/folder.png used on input line 131.
(pdftex.def)             Requested size: 14.4541pt x 14.4541pt.
File: ../figures/icons/folder.png Graphic file (type png)

<use ../figures/icons/folder.png>
Package pdftex.def Info: ../figures/icons/folder.png used on input line 131.
(pdftex.def)             Requested size: 14.4541pt x 14.4541pt.

<../figures/icons/device.png, id=798, 48.18pt x 48.18pt>
File: ../figures/icons/device.png Graphic file (type png)

<use ../figures/icons/device.png>
Package pdftex.def Info: ../figures/icons/device.png used on input line 131.
(pdftex.def)             Requested size: 14.4541pt x 14.4541pt.
File: ../figures/icons/folder.png Graphic file (type png)
 <use ../figures/icons/folder.png>
Package pdftex.def Info: ../figures/icons/folder.png used on input line 131.
(pdftex.def)             Requested size: 14.4541pt x 14.4541pt.
File: ../figures/icons/text-document.png Graphic file (type png)

<use ../figures/icons/text-document.png>
Package pdftex.def Info: ../figures/icons/text-document.png used on input line 
131.
(pdftex.def)             Requested size: 14.4541pt x 14.4541pt.
File: ../figures/icons/text-document.png Graphic file (type png)

<use ../figures/icons/text-document.png>
Package pdftex.def Info: ../figures/icons/text-document.png used on input line 
131.
(pdftex.def)             Requested size: 14.4541pt x 14.4541pt.
File: ../figures/icons/text-document.png Graphic file (type png)

<use ../figures/icons/text-document.png>
Package pdftex.def Info: ../figures/icons/text-document.png used on input line 
131.
(pdftex.def)             Requested size: 14.4541pt x 14.4541pt.
 [32

 <../figures/icons/DatabaseProject.png> <../figures/icons/folder.png> <../figur
es/icons/text-document.png> <../figures/icons/cc.jpg> <../figures/icons/device.
png>]
File: ../figures/icons/DatabaseProject.png Graphic file (type png)

<use ../figures/icons/DatabaseProject.png>
Package pdftex.def Info: ../figures/icons/DatabaseProject.png used on input lin
e 168.
(pdftex.def)             Requested size: 14.4541pt x 14.4541pt.
File: ../figures/icons/folder.png Graphic file (type png)
 <use ../figures/icons/folder.png>
Package pdftex.def Info: ../figures/icons/folder.png used on input line 168.
(pdftex.def)             Requested size: 14.4541pt x 14.4541pt.
File: ../figures/icons/folder.png Graphic file (type png)

<use ../figures/icons/folder.png>
Package pdftex.def Info: ../figures/icons/folder.png used on input line 168.
(pdftex.def)             Requested size: 14.4541pt x 14.4541pt.
File: ../figures/icons/folder.png Graphic file (type png)
 <use ../figures/icons/folder.png>
Package pdftex.def Info: ../figures/icons/folder.png used on input line 168.
(pdftex.def)             Requested size: 14.4541pt x 14.4541pt.
File: ../figures/icons/folder.png Graphic file (type png)

<use ../figures/icons/folder.png>
Package pdftex.def Info: ../figures/icons/folder.png used on input line 168.
(pdftex.def)             Requested size: 14.4541pt x 14.4541pt.
File: ../figures/icons/text-document.png Graphic file (type png)
 <use ../figures/icons/text-document.png>
Package pdftex.def Info: ../figures/icons/text-document.png used on input line 
168.
(pdftex.def)             Requested size: 14.4541pt x 14.4541pt.
File: ../figures/icons/cc.jpg Graphic file (type jpg)

<use ../figures/icons/cc.jpg>
Package pdftex.def Info: ../figures/icons/cc.jpg used on input line 168.
(pdftex.def)             Requested size: 14.4541pt x 14.4541pt.
File: ../figures/icons/folder.png Graphic file (type png)
 <use ../figures/icons/folder.png>
Package pdftex.def Info: ../figures/icons/folder.png used on input line 168.
(pdftex.def)             Requested size: 14.4541pt x 14.4541pt.
File: ../figures/icons/folder.png Graphic file (type png)

<use ../figures/icons/folder.png>
Package pdftex.def Info: ../figures/icons/folder.png used on input line 168.
(pdftex.def)             Requested size: 14.4541pt x 14.4541pt.
File: ../figures/icons/device.png Graphic file (type png)
 <use ../figures/icons/device.png>
Package pdftex.def Info: ../figures/icons/device.png used on input line 168.
(pdftex.def)             Requested size: 14.4541pt x 14.4541pt.
File: ../figures/icons/text-document.png Graphic file (type png)

<use ../figures/icons/text-document.png>
Package pdftex.def Info: ../figures/icons/text-document.png used on input line 
168.
(pdftex.def)             Requested size: 14.4541pt x 14.4541pt.
File: ../figures/icons/folder.png Graphic file (type png)
 <use ../figures/icons/folder.png>
Package pdftex.def Info: ../figures/icons/folder.png used on input line 168.
(pdftex.def)             Requested size: 14.4541pt x 14.4541pt.
File: ../figures/icons/folder.png Graphic file (type png)

<use ../figures/icons/folder.png>
Package pdftex.def Info: ../figures/icons/folder.png used on input line 168.
(pdftex.def)             Requested size: 14.4541pt x 14.4541pt.
File: ../figures/icons/folder.png Graphic file (type png)
 <use ../figures/icons/folder.png>
Package pdftex.def Info: ../figures/icons/folder.png used on input line 168.
(pdftex.def)             Requested size: 14.4541pt x 14.4541pt.

<../figures/icons/pictures.png, id=808, 48.18pt x 48.18pt>
File: ../figures/icons/pictures.png Graphic file (type png)

<use ../figures/icons/pictures.png>
Package pdftex.def Info: ../figures/icons/pictures.png used on input line 168.
(pdftex.def)             Requested size: 14.4541pt x 14.4541pt.
File: ../figures/icons/text-document.png Graphic file (type png)
 <use ../figures/icons/text-document.png>
Package pdftex.def Info: ../figures/icons/text-document.png used on input line 
168.
(pdftex.def)             Requested size: 14.4541pt x 14.4541pt.
File: ../figures/icons/text-document.png Graphic file (type png)

<use ../figures/icons/text-document.png>
Package pdftex.def Info: ../figures/icons/text-document.png used on input line 
168.
(pdftex.def)             Requested size: 14.4541pt x 14.4541pt.
File: ../figures/icons/folder.png Graphic file (type png)
 <use ../figures/icons/folder.png>
Package pdftex.def Info: ../figures/icons/folder.png used on input line 168.
(pdftex.def)             Requested size: 14.4541pt x 14.4541pt.
File: ../figures/icons/text-document.png Graphic file (type png)

<use ../figures/icons/text-document.png>
Package pdftex.def Info: ../figures/icons/text-document.png used on input line 
168.
(pdftex.def)             Requested size: 14.4541pt x 14.4541pt.
File: ../figures/icons/text-document.png Graphic file (type png)

<use ../figures/icons/text-document.png>
Package pdftex.def Info: ../figures/icons/text-document.png used on input line 
168.
(pdftex.def)             Requested size: 14.4541pt x 14.4541pt.
File: ../figures/icons/text-document.png Graphic file (type png)

<use ../figures/icons/text-document.png>
Package pdftex.def Info: ../figures/icons/text-document.png used on input line 
168.
(pdftex.def)             Requested size: 14.4541pt x 14.4541pt.
File: ../figures/icons/text-document.png Graphic file (type png)

<use ../figures/icons/text-document.png>
Package pdftex.def Info: ../figures/icons/text-document.png used on input line 
168.
(pdftex.def)             Requested size: 14.4541pt x 14.4541pt.
File: ../figures/icons/folder.png Graphic file (type png)
 <use ../figures/icons/folder.png>
Package pdftex.def Info: ../figures/icons/folder.png used on input line 168.
(pdftex.def)             Requested size: 14.4541pt x 14.4541pt.
File: ../figures/icons/folder.png Graphic file (type png)

<use ../figures/icons/folder.png>
Package pdftex.def Info: ../figures/icons/folder.png used on input line 168.
(pdftex.def)             Requested size: 14.4541pt x 14.4541pt.

<../figures/icons/photoscandocx.png, id=809, 48.18pt x 48.18pt>
File: ../figures/icons/photoscandocx.png Graphic file (type png)

<use ../figures/icons/photoscandocx.png>
Package pdftex.def Info: ../figures/icons/photoscandocx.png used on input line 
168.
(pdftex.def)             Requested size: 14.4541pt x 14.4541pt.
File: ../figures/icons/text-document.png Graphic file (type png)

<use ../figures/icons/text-document.png>
Package pdftex.def Info: ../figures/icons/text-document.png used on input line 
168.
(pdftex.def)             Requested size: 14.4541pt x 14.4541pt.

Overfull \hbox (22.44537pt too wide) in paragraph at lines 168--168
[]| [] \OT1/cmtt/m/n/10 photoscanlog.txt (point photoscan to save all commands 
to a logfile here)| 
 []

File: ../figures/icons/folder.png Graphic file (type png)
<use ../figures/icons/folder.png>
Package pdftex.def Info: ../figures/icons/folder.png used on input line 168.
(pdftex.def)             Requested size: 14.4541pt x 14.4541pt.
File: ../figures/icons/cc.jpg Graphic file (type jpg)
 <use ../figures/icons/cc.jpg>
Package pdftex.def Info: ../figures/icons/cc.jpg used on input line 168.
(pdftex.def)             Requested size: 14.4541pt x 14.4541pt.
File: ../figures/icons/text-document.png Graphic file (type png)

<use ../figures/icons/text-document.png>
Package pdftex.def Info: ../figures/icons/text-document.png used on input line 
168.
(pdftex.def)             Requested size: 14.4541pt x 14.4541pt.
File: ../figures/icons/folder.png Graphic file (type png)
 <use ../figures/icons/folder.png>
Package pdftex.def Info: ../figures/icons/folder.png used on input line 168.
(pdftex.def)             Requested size: 14.4541pt x 14.4541pt.
File: ../figures/icons/folder.png Graphic file (type png)

<use ../figures/icons/folder.png>
Package pdftex.def Info: ../figures/icons/folder.png used on input line 168.
(pdftex.def)             Requested size: 14.4541pt x 14.4541pt.
File: ../figures/icons/pictures.png Graphic file (type png)
 <use ../figures/icons/pictures.png>
Package pdftex.def Info: ../figures/icons/pictures.png used on input line 168.
(pdftex.def)             Requested size: 14.4541pt x 14.4541pt.
File: ../figures/icons/text-document.png Graphic file (type png)

<use ../figures/icons/text-document.png>
Package pdftex.def Info: ../figures/icons/text-document.png used on input line 
168.
(pdftex.def)             Requested size: 14.4541pt x 14.4541pt.
) [33

 <../figures/icons/pictures.png> <../figures/icons/photoscandocx.png>] [34

]
Appendix A.
(filestruct.tex
File: ../figures/icons/folder.png Graphic file (type png)
 <use ../figures/icons/folder.png>
Package pdftex.def Info: ../figures/icons/folder.png used on input line 30.
(pdftex.def)             Requested size: 14.4541pt x 14.4541pt.
File: ../figures/icons/folder.png Graphic file (type png)

<use ../figures/icons/folder.png>
Package pdftex.def Info: ../figures/icons/folder.png used on input line 30.
(pdftex.def)             Requested size: 14.4541pt x 14.4541pt.
File: ../figures/icons/folder.png Graphic file (type png)
 <use ../figures/icons/folder.png>
Package pdftex.def Info: ../figures/icons/folder.png used on input line 30.
(pdftex.def)             Requested size: 14.4541pt x 14.4541pt.
File: ../figures/icons/folder.png Graphic file (type png)

<use ../figures/icons/folder.png>
Package pdftex.def Info: ../figures/icons/folder.png used on input line 30.
(pdftex.def)             Requested size: 14.4541pt x 14.4541pt.
File: ../figures/icons/folder.png Graphic file (type png)
 <use ../figures/icons/folder.png>
Package pdftex.def Info: ../figures/icons/folder.png used on input line 30.
(pdftex.def)             Requested size: 14.4541pt x 14.4541pt.

<../figures/icons/ppt.png, id=821, 36.135pt x 36.135pt>
File: ../figures/icons/ppt.png Graphic file (type png)

<use ../figures/icons/ppt.png>
Package pdftex.def Info: ../figures/icons/ppt.png used on input line 30.
(pdftex.def)             Requested size: 10.84058pt x 10.84058pt.
File: ../figures/icons/folder.png Graphic file (type png)
 <use ../figures/icons/folder.png>
Package pdftex.def Info: ../figures/icons/folder.png used on input line 30.
(pdftex.def)             Requested size: 14.4541pt x 14.4541pt.

<../figures/icons/m.png, id=822, 48.18pt x 48.18pt>
File: ../figures/icons/m.png Graphic file (type png)

<use ../figures/icons/m.png>
Package pdftex.def Info: ../figures/icons/m.png used on input line 30.
(pdftex.def)             Requested size: 14.4541pt x 14.4541pt.
File: ../figures/icons/folder.png Graphic file (type png)
 <use ../figures/icons/folder.png>
Package pdftex.def Info: ../figures/icons/folder.png used on input line 30.
(pdftex.def)             Requested size: 14.4541pt x 14.4541pt.
File: ../figures/icons/folder.png Graphic file (type png)

<use ../figures/icons/folder.png>
Package pdftex.def Info: ../figures/icons/folder.png used on input line 30.
(pdftex.def)             Requested size: 14.4541pt x 14.4541pt.
File: ../figures/icons/folder.png Graphic file (type png)
 <use ../figures/icons/folder.png>
Package pdftex.def Info: ../figures/icons/folder.png used on input line 30.
(pdftex.def)             Requested size: 14.4541pt x 14.4541pt.

<../figures/icons/Arduino.png, id=823, 48.18pt x 48.18pt>
File: ../figures/icons/Arduino.png Graphic file (type png)

<use ../figures/icons/Arduino.png>
Package pdftex.def Info: ../figures/icons/Arduino.png used on input line 30.
(pdftex.def)             Requested size: 14.4541pt x 14.4541pt.
File: ../figures/icons/folder.png Graphic file (type png)
 <use ../figures/icons/folder.png>
Package pdftex.def Info: ../figures/icons/folder.png used on input line 30.
(pdftex.def)             Requested size: 14.4541pt x 14.4541pt.
File: ../figures/icons/folder.png Graphic file (type png)

<use ../figures/icons/folder.png>
Package pdftex.def Info: ../figures/icons/folder.png used on input line 30.
(pdftex.def)             Requested size: 14.4541pt x 14.4541pt.
File: ../figures/icons/ppt.png Graphic file (type png)
 <use ../figures/icons/ppt.png>
Package pdftex.def Info: ../figures/icons/ppt.png used on input line 30.
(pdftex.def)             Requested size: 10.84058pt x 10.84058pt.

<../figures/icons/excel.png, id=824, 48.8586pt x 48.8586pt>
File: ../figures/icons/excel.png Graphic file (type png)

<use ../figures/icons/excel.png>
Package pdftex.def Info: ../figures/icons/excel.png used on input line 30.
(pdftex.def)             Requested size: 14.65768pt x 14.65768pt.
File: ../figures/icons/folder.png Graphic file (type png)
 <use ../figures/icons/folder.png>
Package pdftex.def Info: ../figures/icons/folder.png used on input line 30.
(pdftex.def)             Requested size: 14.4541pt x 14.4541pt.
File: ../figures/icons/folder.png Graphic file (type png)

<use ../figures/icons/folder.png>
Package pdftex.def Info: ../figures/icons/folder.png used on input line 30.
(pdftex.def)             Requested size: 14.4541pt x 14.4541pt.
File: ../figures/icons/folder.png Graphic file (type png)
 <use ../figures/icons/folder.png>
Package pdftex.def Info: ../figures/icons/folder.png used on input line 30.
(pdftex.def)             Requested size: 14.4541pt x 14.4541pt.
) [35

 <../figures/icons/ppt.png> <../figures/icons/m.png> <../figures/icons/Arduino.
png> <../figures/icons/excel.png>]
Appendix B.
<../figures/PCBorder1.PNG, id=834, 542.025pt x 605.26125pt>
File: ../figures/PCBorder1.PNG Graphic file (type png)

<use ../figures/PCBorder1.PNG>
Package pdftex.def Info: ../figures/PCBorder1.PNG used on input line 111.
(pdftex.def)             Requested size: 379.4149pt x 423.67998pt.
 [36

]
<../figures/PCBorder2.PNG, id=843, 567.62062pt x 493.845pt>
File: ../figures/PCBorder2.PNG Graphic file (type png)

<use ../figures/PCBorder2.PNG>
Package pdftex.def Info: ../figures/PCBorder2.PNG used on input line 118.
(pdftex.def)             Requested size: 397.33171pt x 345.68913pt.
 [37pdfTeX warning (ext4): destination with the same identifier (name{figure.B.
1}) has been already used, duplicate ignored

\@EveryShipout@Output ...@Org@Shipout \box \@cclv 
                                                  
l.122 
       <../figures/PCBorder1.PNG>] [38pdfTeX warning (ext4): destination with t
he same identifier (name{figure.B.2}) has been already used, duplicate ignored

\@EveryShipout@Output ...@Org@Shipout \box \@cclv 
                                                  
l.123 	\chapter
               {Algorithms} <../figures/PCBorder2.PNG>]
Appendix C.
(AppendixAlgorithms.tex (../../Matlab/getValue.m
LaTeX Font Info:    Try loading font information for TS1+fvm on input line 2.

("C:\Users\Richie\AppData\Local\Programs\MiKTeX 2.9\tex\latex\bera\ts1fvm.fd"
File: ts1fvm.fd 2004/09/07 scalable font definitions for TS1/fvm.
)
LaTeX Font Info:    Font shape `TS1/fvm/bx/n' in size <10> not available
(Font)              Font shape `TS1/fvm/b/n' tried instead on input line 2.
LaTeX Font Info:    Font shape `TS1/fvm/b/n' will be
(Font)              scaled to size 8.50006pt on input line 2.
LaTeX Font Info:    Try loading font information for OML+fvm on input line 2.
LaTeX Font Info:    No file OMLfvm.fd. on input line 2.


LaTeX Font Warning: Font shape `OML/fvm/bx/n' undefined
(Font)              using `OML/cmm/m/it' instead
(Font)              for symbol `textless' on input line 2.

LaTeX Font Info:    Try loading font information for OMS+fvm on input line 7.
LaTeX Font Info:    No file OMSfvm.fd. on input line 7.

LaTeX Font Warning: Font shape `OMS/fvm/m/n' undefined
(Font)              using `OMS/cmsy/m/n' instead
(Font)              for symbol `textbraceleft' on input line 7.

LaTeX Font Info:    Font shape `TS1/fvm/m/n' will be
(Font)              scaled to size 8.50006pt on input line 15.
[39

]

LaTeX Font Warning: Font shape `OML/fvm/m/n' undefined
(Font)              using `OML/cmm/m/it' instead
(Font)              for symbol `textless' on input line 52.

) [40] (../../Matlab/calcGopro2GPStime.m [41

]) [42]
(../../Matlab/extractFrames.m [43

]) [44] (../../Matlab/addPositionInfo.m
[45

])) [46]
Package atveryend Info: Empty hook `BeforeClearDocument' on input line 125.
Package atveryend Info: Empty hook `AfterLastShipout' on input line 125.
 (FinalReport.aux)
Package atveryend Info: Executing hook `AtVeryEndDocument' on input line 125.
Package atveryend Info: Executing hook `AtEndAfterFileList' on input line 125.
Package rerunfilecheck Info: File `FinalReport.out' has not changed.
(rerunfilecheck)             Checksum: 49BF399EAD6A62FB1C793A6264939C02;4984.


LaTeX Font Warning: Some font shapes were not available, defaults substituted.


LaTeX Warning: There were multiply-defined labels.

Package atveryend Info: Empty hook `AtVeryVeryEnd' on input line 125.
 ) 
Here is how much of TeX's memory you used:
 20099 strings out of 493634
 368379 string characters out of 3134830
 670475 words of memory out of 3000000
 22563 multiletter control sequences out of 15000+200000
 11145 words of font info for 39 fonts, out of 3000000 for 9000
 1025 hyphenation exceptions out of 8191
 62i,13n,121p,1168b,1874s stack positions out of 5000i,500n,10000p,200000b,50000s
{C:/Users/Richie/AppData/Local/Programs/MiKTeX 2.9/fonts/enc/dvips/fontname/8
r.enc} <C:\Users\Richie\AppData\Local\MiKTeX\2.9\fonts\pk\ljfour\jknappen\ec\dp
i600\tcrm1000.pk><C:/Users/Richie/AppData/Local/Programs/MiKTeX 2.9/fonts/type1
/public/amsfonts/cm/cmbx10.pfb><C:/Users/Richie/AppData/Local/Programs/MiKTeX 2
.9/fonts/type1/public/amsfonts/cm/cmbx12.pfb><C:/Users/Richie/AppData/Local/Pro
grams/MiKTeX 2.9/fonts/type1/public/amsfonts/cm/cmcsc10.pfb><C:/Users/Richie/Ap
pData/Local/Programs/MiKTeX 2.9/fonts/type1/public/amsfonts/cm/cmex10.pfb><C:/U
sers/Richie/AppData/Local/Programs/MiKTeX 2.9/fonts/type1/public/amsfonts/cm/cm
mi10.pfb><C:/Users/Richie/AppData/Local/Programs/MiKTeX 2.9/fonts/type1/public/
amsfonts/cm/cmmi7.pfb><C:/Users/Richie/AppData/Local/Programs/MiKTeX 2.9/fonts/
type1/public/amsfonts/cm/cmr10.pfb><C:/Users/Richie/AppData/Local/Programs/MiKT
eX 2.9/fonts/type1/public/amsfonts/cm/cmr12.pfb><C:/Users/Richie/AppData/Local/
Programs/MiKTeX 2.9/fonts/type1/public/amsfonts/cm/cmsy10.pfb><C:/Users/Richie/
AppData/Local/Programs/MiKTeX 2.9/fonts/type1/public/amsfonts/cm/cmti10.pfb><C:
/Users/Richie/AppData/Local/Programs/MiKTeX 2.9/fonts/type1/public/amsfonts/cm/
cmti12.pfb><C:/Users/Richie/AppData/Local/Programs/MiKTeX 2.9/fonts/type1/publi
c/amsfonts/cm/cmtt10.pfb><C:/Users/Richie/AppData/Local/Programs/MiKTeX 2.9/fon
ts/type1/bera/fvmb8a.pfb><C:/Users/Richie/AppData/Local/Programs/MiKTeX 2.9/fon
ts/type1/bera/fvmr8a.pfb>
Output written on FinalReport.pdf (51 pages, 13058843 bytes).
PDF statistics:
 1320 PDF objects out of 1440 (max. 8388607)
 486 named destinations out of 1000 (max. 500000)
 786 words of extra memory for PDF output out of 10000 (max. 10000000)

